The system is: Linux - 5.15.90.1-microsoft-standard-WSL2 - x86_64
Compiling the C compiler identification source file "CMakeCCompilerId.c" succeeded.
Compiler: /home/maria/miniconda3/envs/cmake-tutorial/bin/x86_64-conda-linux-gnu-cc 
Build flags: -march=nocona;-mtune=haswell;-ftree-vectorize;-fPIC;-fstack-protector-strong;-fno-plt;-O2;-ffunction-sections;-pipe;-isystem;/home/maria/miniconda3/envs/cmake-tutorial/include
Id flags:  

The output was:
0


Compilation of the C compiler identification source "CMakeCCompilerId.c" produced "a.out"

The C compiler identification is GNU, found in "/mnt/c/Users/maria/OneDrive/Área de Trabalho/IC/MOVRPDD-MariaLuisa/build/CMakeFiles/3.25.0/CompilerIdC/a.out"

Compiling the CXX compiler identification source file "CMakeCXXCompilerId.cpp" succeeded.
Compiler: /home/maria/miniconda3/envs/cmake-tutorial/bin/x86_64-conda-linux-gnu-c++ 
Build flags: -fvisibility-inlines-hidden;-std=c++17;-fmessage-length=0;-march=nocona;-mtune=haswell;-ftree-vectorize;-fPIC;-fstack-protector-strong;-fno-plt;-O2;-ffunction-sections;-pipe;-isystem;/home/maria/miniconda3/envs/cmake-tutorial/include
Id flags:  

The output was:
0


Compilation of the CXX compiler identification source "CMakeCXXCompilerId.cpp" produced "a.out"

The CXX compiler identification is GNU, found in "/mnt/c/Users/maria/OneDrive/Área de Trabalho/IC/MOVRPDD-MariaLuisa/build/CMakeFiles/3.25.0/CompilerIdCXX/a.out"

Detecting C compiler ABI info compiled with the following output:
Change Dir: /mnt/c/Users/maria/OneDrive/Área de Trabalho/IC/MOVRPDD-MariaLuisa/build/CMakeFiles/CMakeScratch/TryCompile-Hysodt

Run Build Command(s):/usr/bin/gmake -f Makefile cmTC_597b1/fast && /usr/bin/gmake  -f CMakeFiles/cmTC_597b1.dir/build.make CMakeFiles/cmTC_597b1.dir/build
gmake[1]: Entering directory '/mnt/c/Users/maria/OneDrive/Área de Trabalho/IC/MOVRPDD-MariaLuisa/build/CMakeFiles/CMakeScratch/TryCompile-Hysodt'
Building C object CMakeFiles/cmTC_597b1.dir/CMakeCCompilerABI.c.o
/home/maria/miniconda3/envs/cmake-tutorial/bin/x86_64-conda-linux-gnu-cc   -march=nocona -mtune=haswell -ftree-vectorize -fPIC -fstack-protector-strong -fno-plt -O2 -ffunction-sections -pipe -isystem /home/maria/miniconda3/envs/cmake-tutorial/include    -v -o CMakeFiles/cmTC_597b1.dir/CMakeCCompilerABI.c.o -c /home/maria/miniconda3/envs/cmake-tutorial/share/cmake-3.25/Modules/CMakeCCompilerABI.c
Reading specs from /home/maria/miniconda3/envs/cmake-tutorial/bin/../lib/gcc/x86_64-conda-linux-gnu/10.4.0/specs
could not find specs file conda.specs
COLLECT_GCC=/home/maria/miniconda3/envs/cmake-tutorial/bin/x86_64-conda-linux-gnu-cc
Target: x86_64-conda-linux-gnu
Configured with: ../configure --prefix=/home/conda/feedstock_root/build_artifacts/gcc_compilers_1666516817544/_h_env_placehold_placehold_placehold_placehold_placehold_placehold_placehold_placehold_placehold_placehold_placehold_placehold_placehold_placehold_placehold_placehold_placehold_placeho --with-slibdir=/home/conda/feedstock_root/build_artifacts/gcc_compilers_1666516817544/_h_env_placehold_placehold_placehold_placehold_placehold_placehold_placehold_placehold_placehold_placehold_placehold_placehold_placehold_placehold_placehold_placehold_placehold_placeho/lib --libdir=/home/conda/feedstock_root/build_artifacts/gcc_compilers_1666516817544/_h_env_placehold_placehold_placehold_placehold_placehold_placehold_placehold_placehold_placehold_placehold_placehold_placehold_placehold_placehold_placehold_placehold_placehold_placeho/lib --mandir=/home/conda/feedstock_root/build_artifacts/gcc_compilers_1666516817544/_h_env_placehold_placehold_placehold_placehold_placehold_placehold_placehold_placehold_placehold_placehold_placehold_placehold_placehold_placehold_placehold_placehold_placehold_placeho/man --build=x86_64-conda-linux-gnu --host=x86_64-conda-linux-gnu --target=x86_64-conda-linux-gnu --enable-default-pie --enable-languages=c,c++,fortran,objc,obj-c++ --enable-__cxa_atexit --disable-libmudflap --enable-libgomp --disable-libssp --enable-libquadmath --enable-libquadmath-support --enable-libsanitizer --enable-lto --enable-threads=posix --enable-target-optspace --enable-plugin --enable-gold --disable-nls --disable-bootstrap --disable-multilib --enable-long-long --with-sysroot=/home/conda/feedstock_root/build_artifacts/gcc_compilers_1666516817544/_h_env_placehold_placehold_placehold_placehold_placehold_placehold_placehold_placehold_placehold_placehold_placehold_placehold_placehold_placehold_placehold_placehold_placehold_placeho/x86_64-conda-linux-gnu/sysroot --with-build-sysroot=/home/conda/feedstock_root/build_artifacts/gcc_compilers_1666516817544/_build_env/x86_64-conda-linux-gnu/sysroot --with-gxx-include-dir=/home/conda/feedstock_root/build_artifacts/gcc_compilers_1666516817544/_h_env_placehold_placehold_placehold_placehold_placehold_placehold_placehold_placehold_placehold_placehold_placehold_placehold_placehold_placehold_placehold_placehold_placehold_placeho/x86_64-conda-linux-gnu/include/c++/10.4.0 --with-pkgversion='conda-forge gcc 10.4.0-19' --with-bugurl=https://github.com/conda-forge/ctng-compilers-feedstock/issues/new/choose
Thread model: posix
Supported LTO compression algorithms: zlib
gcc version 10.4.0 (conda-forge gcc 10.4.0-19) 
COLLECT_GCC_OPTIONS='-march=nocona' '-mtune=haswell' '-ftree-vectorize' '-fPIC' '-fstack-protector-strong' '-fno-plt' '-O2' '-ffunction-sections' '-pipe' '-isystem' '/home/maria/miniconda3/envs/cmake-tutorial/include' '-v' '-o' 'CMakeFiles/cmTC_597b1.dir/CMakeCCompilerABI.c.o' '-c'
 /home/maria/miniconda3/envs/cmake-tutorial/bin/../libexec/gcc/x86_64-conda-linux-gnu/10.4.0/cc1 -quiet -v -iprefix /home/maria/miniconda3/envs/cmake-tutorial/bin/../lib/gcc/x86_64-conda-linux-gnu/10.4.0/ -isysroot /home/maria/miniconda3/envs/cmake-tutorial/bin/../x86_64-conda-linux-gnu/sysroot -isystem /home/maria/miniconda3/envs/cmake-tutorial/include /home/maria/miniconda3/envs/cmake-tutorial/share/cmake-3.25/Modules/CMakeCCompilerABI.c -quiet -dumpbase CMakeCCompilerABI.c -march=nocona -mtune=haswell -auxbase-strip CMakeFiles/cmTC_597b1.dir/CMakeCCompilerABI.c.o -O2 -version -ftree-vectorize -fPIC -fstack-protector-strong -fno-plt -ffunction-sections -o - |
 /home/maria/miniconda3/envs/cmake-tutorial/bin/../lib/gcc/x86_64-conda-linux-gnu/10.4.0/../../../../x86_64-conda-linux-gnu/bin/as -v --64 -o CMakeFiles/cmTC_597b1.dir/CMakeCCompilerABI.c.o
GNU assembler version 2.39 (x86_64-conda-linux-gnu) using BFD version (GNU Binutils) 2.39
GNU C17 (conda-forge gcc 10.4.0-19) version 10.4.0 (x86_64-conda-linux-gnu)
	compiled by GNU C version 10.4.0, GMP version 6.1.0, MPFR version 3.1.6, MPC version 1.0.3, isl version isl-0.18-GMP

GGC heuristics: --param ggc-min-expand=100 --param ggc-min-heapsize=131072
ignoring duplicate directory "/home/maria/miniconda3/envs/cmake-tutorial/bin/../lib/gcc/../../lib/gcc/x86_64-conda-linux-gnu/10.4.0/include"
ignoring nonexistent directory "/home/maria/miniconda3/envs/cmake-tutorial/bin/../x86_64-conda-linux-gnu/sysroot/usr/local/include"
ignoring duplicate directory "/home/maria/miniconda3/envs/cmake-tutorial/bin/../lib/gcc/../../lib/gcc/x86_64-conda-linux-gnu/10.4.0/include-fixed"
ignoring duplicate directory "/home/maria/miniconda3/envs/cmake-tutorial/bin/../lib/gcc/../../lib/gcc/x86_64-conda-linux-gnu/10.4.0/../../../../x86_64-conda-linux-gnu/include"
#include "..." search starts here:
#include <...> search starts here:
 /home/maria/miniconda3/envs/cmake-tutorial/include
 /home/maria/miniconda3/envs/cmake-tutorial/bin/../lib/gcc/x86_64-conda-linux-gnu/10.4.0/include
 /home/maria/miniconda3/envs/cmake-tutorial/bin/../lib/gcc/x86_64-conda-linux-gnu/10.4.0/include-fixed
 /home/maria/miniconda3/envs/cmake-tutorial/bin/../lib/gcc/x86_64-conda-linux-gnu/10.4.0/../../../../x86_64-conda-linux-gnu/include
 /home/maria/miniconda3/envs/cmake-tutorial/bin/../x86_64-conda-linux-gnu/sysroot/usr/include
End of search list.
GNU C17 (conda-forge gcc 10.4.0-19) version 10.4.0 (x86_64-conda-linux-gnu)
	compiled by GNU C version 10.4.0, GMP version 6.1.0, MPFR version 3.1.6, MPC version 1.0.3, isl version isl-0.18-GMP

GGC heuristics: --param ggc-min-expand=100 --param ggc-min-heapsize=131072
Compiler executable checksum: 261c333cfb634f8a42c0ca2a8624ba40
COMPILER_PATH=/home/maria/miniconda3/envs/cmake-tutorial/bin/../libexec/gcc/x86_64-conda-linux-gnu/10.4.0/:/home/maria/miniconda3/envs/cmake-tutorial/bin/../libexec/gcc/:/home/maria/miniconda3/envs/cmake-tutorial/bin/../lib/gcc/x86_64-conda-linux-gnu/10.4.0/../../../../x86_64-conda-linux-gnu/bin/
LIBRARY_PATH=/home/maria/miniconda3/envs/cmake-tutorial/bin/../lib/gcc/x86_64-conda-linux-gnu/10.4.0/:/home/maria/miniconda3/envs/cmake-tutorial/bin/../lib/gcc/:/home/maria/miniconda3/envs/cmake-tutorial/bin/../lib/gcc/x86_64-conda-linux-gnu/10.4.0/../../../../x86_64-conda-linux-gnu/lib/../lib/:/home/maria/miniconda3/envs/cmake-tutorial/bin/../lib/gcc/x86_64-conda-linux-gnu/10.4.0/../../../../lib/:/home/maria/miniconda3/envs/cmake-tutorial/bin/../x86_64-conda-linux-gnu/sysroot/lib/../lib/:/home/maria/miniconda3/envs/cmake-tutorial/bin/../x86_64-conda-linux-gnu/sysroot/usr/lib/../lib/:/home/maria/miniconda3/envs/cmake-tutorial/bin/../lib/gcc/x86_64-conda-linux-gnu/10.4.0/../../../../x86_64-conda-linux-gnu/lib/:/home/maria/miniconda3/envs/cmake-tutorial/bin/../lib/gcc/x86_64-conda-linux-gnu/10.4.0/../../../:/home/maria/miniconda3/envs/cmake-tutorial/bin/../x86_64-conda-linux-gnu/sysroot/lib/:/home/maria/miniconda3/envs/cmake-tutorial/bin/../x86_64-conda-linux-gnu/sysroot/usr/lib/
COLLECT_GCC_OPTIONS='-march=nocona' '-mtune=haswell' '-ftree-vectorize' '-fPIC' '-fstack-protector-strong' '-fno-plt' '-O2' '-ffunction-sections' '-pipe' '-isystem' '/home/maria/miniconda3/envs/cmake-tutorial/include' '-v' '-o' 'CMakeFiles/cmTC_597b1.dir/CMakeCCompilerABI.c.o' '-c'
Linking C executable cmTC_597b1
/home/maria/miniconda3/envs/cmake-tutorial/bin/cmake -E cmake_link_script CMakeFiles/cmTC_597b1.dir/link.txt --verbose=1
/home/maria/miniconda3/envs/cmake-tutorial/bin/x86_64-conda-linux-gnu-cc -march=nocona -mtune=haswell -ftree-vectorize -fPIC -fstack-protector-strong -fno-plt -O2 -ffunction-sections -pipe -isystem /home/maria/miniconda3/envs/cmake-tutorial/include  -Wl,-O2 -Wl,--sort-common -Wl,--as-needed -Wl,-z,relro -Wl,-z,now -Wl,--disable-new-dtags -Wl,--gc-sections -Wl,--allow-shlib-undefined -Wl,-rpath,/home/maria/miniconda3/envs/cmake-tutorial/lib -Wl,-rpath-link,/home/maria/miniconda3/envs/cmake-tutorial/lib -L/home/maria/miniconda3/envs/cmake-tutorial/lib -v CMakeFiles/cmTC_597b1.dir/CMakeCCompilerABI.c.o -o cmTC_597b1 
Reading specs from /home/maria/miniconda3/envs/cmake-tutorial/bin/../lib/gcc/x86_64-conda-linux-gnu/10.4.0/specs
could not find specs file conda.specs
COLLECT_GCC=/home/maria/miniconda3/envs/cmake-tutorial/bin/x86_64-conda-linux-gnu-cc
COLLECT_LTO_WRAPPER=/home/maria/miniconda3/envs/cmake-tutorial/bin/../libexec/gcc/x86_64-conda-linux-gnu/10.4.0/lto-wrapper
Target: x86_64-conda-linux-gnu
Configured with: ../configure --prefix=/home/conda/feedstock_root/build_artifacts/gcc_compilers_1666516817544/_h_env_placehold_placehold_placehold_placehold_placehold_placehold_placehold_placehold_placehold_placehold_placehold_placehold_placehold_placehold_placehold_placehold_placehold_placeho --with-slibdir=/home/conda/feedstock_root/build_artifacts/gcc_compilers_1666516817544/_h_env_placehold_placehold_placehold_placehold_placehold_placehold_placehold_placehold_placehold_placehold_placehold_placehold_placehold_placehold_placehold_placehold_placehold_placeho/lib --libdir=/home/conda/feedstock_root/build_artifacts/gcc_compilers_1666516817544/_h_env_placehold_placehold_placehold_placehold_placehold_placehold_placehold_placehold_placehold_placehold_placehold_placehold_placehold_placehold_placehold_placehold_placehold_placeho/lib --mandir=/home/conda/feedstock_root/build_artifacts/gcc_compilers_1666516817544/_h_env_placehold_placehold_placehold_placehold_placehold_placehold_placehold_placehold_placehold_placehold_placehold_placehold_placehold_placehold_placehold_placehold_placehold_placeho/man --build=x86_64-conda-linux-gnu --host=x86_64-conda-linux-gnu --target=x86_64-conda-linux-gnu --enable-default-pie --enable-languages=c,c++,fortran,objc,obj-c++ --enable-__cxa_atexit --disable-libmudflap --enable-libgomp --disable-libssp --enable-libquadmath --enable-libquadmath-support --enable-libsanitizer --enable-lto --enable-threads=posix --enable-target-optspace --enable-plugin --enable-gold --disable-nls --disable-bootstrap --disable-multilib --enable-long-long --with-sysroot=/home/conda/feedstock_root/build_artifacts/gcc_compilers_1666516817544/_h_env_placehold_placehold_placehold_placehold_placehold_placehold_placehold_placehold_placehold_placehold_placehold_placehold_placehold_placehold_placehold_placehold_placehold_placeho/x86_64-conda-linux-gnu/sysroot --with-build-sysroot=/home/conda/feedstock_root/build_artifacts/gcc_compilers_1666516817544/_build_env/x86_64-conda-linux-gnu/sysroot --with-gxx-include-dir=/home/conda/feedstock_root/build_artifacts/gcc_compilers_1666516817544/_h_env_placehold_placehold_placehold_placehold_placehold_placehold_placehold_placehold_placehold_placehold_placehold_placehold_placehold_placehold_placehold_placehold_placehold_placeho/x86_64-conda-linux-gnu/include/c++/10.4.0 --with-pkgversion='conda-forge gcc 10.4.0-19' --with-bugurl=https://github.com/conda-forge/ctng-compilers-feedstock/issues/new/choose
Thread model: posix
Supported LTO compression algorithms: zlib
gcc version 10.4.0 (conda-forge gcc 10.4.0-19) 
COMPILER_PATH=/home/maria/miniconda3/envs/cmake-tutorial/bin/../libexec/gcc/x86_64-conda-linux-gnu/10.4.0/:/home/maria/miniconda3/envs/cmake-tutorial/bin/../libexec/gcc/:/home/maria/miniconda3/envs/cmake-tutorial/bin/../lib/gcc/x86_64-conda-linux-gnu/10.4.0/../../../../x86_64-conda-linux-gnu/bin/
LIBRARY_PATH=/home/maria/miniconda3/envs/cmake-tutorial/bin/../lib/gcc/x86_64-conda-linux-gnu/10.4.0/:/home/maria/miniconda3/envs/cmake-tutorial/bin/../lib/gcc/:/home/maria/miniconda3/envs/cmake-tutorial/bin/../lib/gcc/x86_64-conda-linux-gnu/10.4.0/../../../../x86_64-conda-linux-gnu/lib/../lib/:/home/maria/miniconda3/envs/cmake-tutorial/bin/../lib/gcc/x86_64-conda-linux-gnu/10.4.0/../../../../lib/:/home/maria/miniconda3/envs/cmake-tutorial/bin/../x86_64-conda-linux-gnu/sysroot/lib/../lib/:/home/maria/miniconda3/envs/cmake-tutorial/bin/../x86_64-conda-linux-gnu/sysroot/usr/lib/../lib/:/home/maria/miniconda3/envs/cmake-tutorial/bin/../lib/gcc/x86_64-conda-linux-gnu/10.4.0/../../../../x86_64-conda-linux-gnu/lib/:/home/maria/miniconda3/envs/cmake-tutorial/bin/../lib/gcc/x86_64-conda-linux-gnu/10.4.0/../../../:/home/maria/miniconda3/envs/cmake-tutorial/bin/../x86_64-conda-linux-gnu/sysroot/lib/:/home/maria/miniconda3/envs/cmake-tutorial/bin/../x86_64-conda-linux-gnu/sysroot/usr/lib/
COLLECT_GCC_OPTIONS='-march=nocona' '-mtune=haswell' '-ftree-vectorize' '-fPIC' '-fstack-protector-strong' '-fno-plt' '-O2' '-ffunction-sections' '-pipe' '-isystem' '/home/maria/miniconda3/envs/cmake-tutorial/include' '-L/home/maria/miniconda3/envs/cmake-tutorial/lib' '-v' '-o' 'cmTC_597b1'
 /home/maria/miniconda3/envs/cmake-tutorial/bin/../libexec/gcc/x86_64-conda-linux-gnu/10.4.0/collect2 -plugin /home/maria/miniconda3/envs/cmake-tutorial/bin/../libexec/gcc/x86_64-conda-linux-gnu/10.4.0/liblto_plugin.so -plugin-opt=/home/maria/miniconda3/envs/cmake-tutorial/bin/../libexec/gcc/x86_64-conda-linux-gnu/10.4.0/lto-wrapper -plugin-opt=-fresolution=/tmp/ccY3cpY6.res -plugin-opt=-pass-through=-lgcc -plugin-opt=-pass-through=-lgcc_s -plugin-opt=-pass-through=-lc -plugin-opt=-pass-through=-lgcc -plugin-opt=-pass-through=-lgcc_s --sysroot=/home/maria/miniconda3/envs/cmake-tutorial/bin/../x86_64-conda-linux-gnu/sysroot --eh-frame-hdr -m elf_x86_64 -dynamic-linker /lib64/ld-linux-x86-64.so.2 -pie -o cmTC_597b1 /home/maria/miniconda3/envs/cmake-tutorial/bin/../x86_64-conda-linux-gnu/sysroot/usr/lib/../lib/Scrt1.o /home/maria/miniconda3/envs/cmake-tutorial/bin/../x86_64-conda-linux-gnu/sysroot/usr/lib/../lib/crti.o /home/maria/miniconda3/envs/cmake-tutorial/bin/../lib/gcc/x86_64-conda-linux-gnu/10.4.0/crtbeginS.o -L/home/maria/miniconda3/envs/cmake-tutorial/lib -L/home/maria/miniconda3/envs/cmake-tutorial/bin/../lib/gcc/x86_64-conda-linux-gnu/10.4.0 -L/home/maria/miniconda3/envs/cmake-tutorial/bin/../lib/gcc -L/home/maria/miniconda3/envs/cmake-tutorial/bin/../lib/gcc/x86_64-conda-linux-gnu/10.4.0/../../../../x86_64-conda-linux-gnu/lib/../lib -L/home/maria/miniconda3/envs/cmake-tutorial/bin/../lib/gcc/x86_64-conda-linux-gnu/10.4.0/../../../../lib -L/home/maria/miniconda3/envs/cmake-tutorial/bin/../x86_64-conda-linux-gnu/sysroot/lib/../lib -L/home/maria/miniconda3/envs/cmake-tutorial/bin/../x86_64-conda-linux-gnu/sysroot/usr/lib/../lib -L/home/maria/miniconda3/envs/cmake-tutorial/bin/../lib/gcc/x86_64-conda-linux-gnu/10.4.0/../../../../x86_64-conda-linux-gnu/lib -L/home/maria/miniconda3/envs/cmake-tutorial/bin/../lib/gcc/x86_64-conda-linux-gnu/10.4.0/../../.. -L/home/maria/miniconda3/envs/cmake-tutorial/bin/../x86_64-conda-linux-gnu/sysroot/lib -L/home/maria/miniconda3/envs/cmake-tutorial/bin/../x86_64-conda-linux-gnu/sysroot/usr/lib -O2 --sort-common --as-needed -z relro -z now --disable-new-dtags --gc-sections --allow-shlib-undefined -rpath /home/maria/miniconda3/envs/cmake-tutorial/lib -rpath-link /home/maria/miniconda3/envs/cmake-tutorial/lib CMakeFiles/cmTC_597b1.dir/CMakeCCompilerABI.c.o -lgcc --push-state --as-needed -lgcc_s --pop-state -lc -lgcc --push-state --as-needed -lgcc_s --pop-state /home/maria/miniconda3/envs/cmake-tutorial/bin/../lib/gcc/x86_64-conda-linux-gnu/10.4.0/crtendS.o /home/maria/miniconda3/envs/cmake-tutorial/bin/../x86_64-conda-linux-gnu/sysroot/usr/lib/../lib/crtn.o -rpath /home/maria/miniconda3/envs/cmake-tutorial/lib
COLLECT_GCC_OPTIONS='-march=nocona' '-mtune=haswell' '-ftree-vectorize' '-fPIC' '-fstack-protector-strong' '-fno-plt' '-O2' '-ffunction-sections' '-pipe' '-isystem' '/home/maria/miniconda3/envs/cmake-tutorial/include' '-L/home/maria/miniconda3/envs/cmake-tutorial/lib' '-v' '-o' 'cmTC_597b1'
gmake[1]: Leaving directory '/mnt/c/Users/maria/OneDrive/Área de Trabalho/IC/MOVRPDD-MariaLuisa/build/CMakeFiles/CMakeScratch/TryCompile-Hysodt'



Parsed C implicit include dir info from above output: rv=done
  found start of include info
  found start of implicit include info
    add: [/home/maria/miniconda3/envs/cmake-tutorial/include]
    add: [/home/maria/miniconda3/envs/cmake-tutorial/bin/../lib/gcc/x86_64-conda-linux-gnu/10.4.0/include]
    add: [/home/maria/miniconda3/envs/cmake-tutorial/bin/../lib/gcc/x86_64-conda-linux-gnu/10.4.0/include-fixed]
    add: [/home/maria/miniconda3/envs/cmake-tutorial/bin/../lib/gcc/x86_64-conda-linux-gnu/10.4.0/../../../../x86_64-conda-linux-gnu/include]
    add: [/home/maria/miniconda3/envs/cmake-tutorial/bin/../x86_64-conda-linux-gnu/sysroot/usr/include]
  end of search list found
  collapse include dir [/home/maria/miniconda3/envs/cmake-tutorial/include] ==> [/home/maria/miniconda3/envs/cmake-tutorial/include]
  collapse include dir [/home/maria/miniconda3/envs/cmake-tutorial/bin/../lib/gcc/x86_64-conda-linux-gnu/10.4.0/include] ==> [/home/maria/miniconda3/envs/cmake-tutorial/lib/gcc/x86_64-conda-linux-gnu/10.4.0/include]
  collapse include dir [/home/maria/miniconda3/envs/cmake-tutorial/bin/../lib/gcc/x86_64-conda-linux-gnu/10.4.0/include-fixed] ==> [/home/maria/miniconda3/envs/cmake-tutorial/lib/gcc/x86_64-conda-linux-gnu/10.4.0/include-fixed]
  collapse include dir [/home/maria/miniconda3/envs/cmake-tutorial/bin/../lib/gcc/x86_64-conda-linux-gnu/10.4.0/../../../../x86_64-conda-linux-gnu/include] ==> [/home/maria/miniconda3/envs/cmake-tutorial/x86_64-conda-linux-gnu/include]
  collapse include dir [/home/maria/miniconda3/envs/cmake-tutorial/bin/../x86_64-conda-linux-gnu/sysroot/usr/include] ==> [/home/maria/miniconda3/envs/cmake-tutorial/x86_64-conda-linux-gnu/sysroot/usr/include]
  implicit include dirs: [/home/maria/miniconda3/envs/cmake-tutorial/include;/home/maria/miniconda3/envs/cmake-tutorial/lib/gcc/x86_64-conda-linux-gnu/10.4.0/include;/home/maria/miniconda3/envs/cmake-tutorial/lib/gcc/x86_64-conda-linux-gnu/10.4.0/include-fixed;/home/maria/miniconda3/envs/cmake-tutorial/x86_64-conda-linux-gnu/include;/home/maria/miniconda3/envs/cmake-tutorial/x86_64-conda-linux-gnu/sysroot/usr/include]


Parsed C implicit link information from above output:
  link line regex: [^( *|.*[/\])(x86_64-conda-linux-gnu-ld|CMAKE_LINK_STARTFILE-NOTFOUND|([^/\]+-)?ld|collect2)[^/\]*( |$)]
  ignore line: [Change Dir: /mnt/c/Users/maria/OneDrive/Área de Trabalho/IC/MOVRPDD-MariaLuisa/build/CMakeFiles/CMakeScratch/TryCompile-Hysodt]
  ignore line: []
  ignore line: [Run Build Command(s):/usr/bin/gmake -f Makefile cmTC_597b1/fast && /usr/bin/gmake  -f CMakeFiles/cmTC_597b1.dir/build.make CMakeFiles/cmTC_597b1.dir/build]
  ignore line: [gmake[1]: Entering directory '/mnt/c/Users/maria/OneDrive/Área de Trabalho/IC/MOVRPDD-MariaLuisa/build/CMakeFiles/CMakeScratch/TryCompile-Hysodt']
  ignore line: [Building C object CMakeFiles/cmTC_597b1.dir/CMakeCCompilerABI.c.o]
  ignore line: [/home/maria/miniconda3/envs/cmake-tutorial/bin/x86_64-conda-linux-gnu-cc   -march=nocona -mtune=haswell -ftree-vectorize -fPIC -fstack-protector-strong -fno-plt -O2 -ffunction-sections -pipe -isystem /home/maria/miniconda3/envs/cmake-tutorial/include    -v -o CMakeFiles/cmTC_597b1.dir/CMakeCCompilerABI.c.o -c /home/maria/miniconda3/envs/cmake-tutorial/share/cmake-3.25/Modules/CMakeCCompilerABI.c]
  ignore line: [Reading specs from /home/maria/miniconda3/envs/cmake-tutorial/bin/../lib/gcc/x86_64-conda-linux-gnu/10.4.0/specs]
  ignore line: [could not find specs file conda.specs]
  ignore line: [COLLECT_GCC=/home/maria/miniconda3/envs/cmake-tutorial/bin/x86_64-conda-linux-gnu-cc]
  ignore line: [Target: x86_64-conda-linux-gnu]
  ignore line: [Configured with: ../configure --prefix=/home/conda/feedstock_root/build_artifacts/gcc_compilers_1666516817544/_h_env_placehold_placehold_placehold_placehold_placehold_placehold_placehold_placehold_placehold_placehold_placehold_placehold_placehold_placehold_placehold_placehold_placehold_placeho --with-slibdir=/home/conda/feedstock_root/build_artifacts/gcc_compilers_1666516817544/_h_env_placehold_placehold_placehold_placehold_placehold_placehold_placehold_placehold_placehold_placehold_placehold_placehold_placehold_placehold_placehold_placehold_placehold_placeho/lib --libdir=/home/conda/feedstock_root/build_artifacts/gcc_compilers_1666516817544/_h_env_placehold_placehold_placehold_placehold_placehold_placehold_placehold_placehold_placehold_placehold_placehold_placehold_placehold_placehold_placehold_placehold_placehold_placeho/lib --mandir=/home/conda/feedstock_root/build_artifacts/gcc_compilers_1666516817544/_h_env_placehold_placehold_placehold_placehold_placehold_placehold_placehold_placehold_placehold_placehold_placehold_placehold_placehold_placehold_placehold_placehold_placehold_placeho/man --build=x86_64-conda-linux-gnu --host=x86_64-conda-linux-gnu --target=x86_64-conda-linux-gnu --enable-default-pie --enable-languages=c c++ fortran objc obj-c++ --enable-__cxa_atexit --disable-libmudflap --enable-libgomp --disable-libssp --enable-libquadmath --enable-libquadmath-support --enable-libsanitizer --enable-lto --enable-threads=posix --enable-target-optspace --enable-plugin --enable-gold --disable-nls --disable-bootstrap --disable-multilib --enable-long-long --with-sysroot=/home/conda/feedstock_root/build_artifacts/gcc_compilers_1666516817544/_h_env_placehold_placehold_placehold_placehold_placehold_placehold_placehold_placehold_placehold_placehold_placehold_placehold_placehold_placehold_placehold_placehold_placehold_placeho/x86_64-conda-linux-gnu/sysroot --with-build-sysroot=/home/conda/feedstock_root/build_artifacts/gcc_compilers_1666516817544/_build_env/x86_64-conda-linux-gnu/sysroot --with-gxx-include-dir=/home/conda/feedstock_root/build_artifacts/gcc_compilers_1666516817544/_h_env_placehold_placehold_placehold_placehold_placehold_placehold_placehold_placehold_placehold_placehold_placehold_placehold_placehold_placehold_placehold_placehold_placehold_placeho/x86_64-conda-linux-gnu/include/c++/10.4.0 --with-pkgversion='conda-forge gcc 10.4.0-19' --with-bugurl=https://github.com/conda-forge/ctng-compilers-feedstock/issues/new/choose]
  ignore line: [Thread model: posix]
  ignore line: [Supported LTO compression algorithms: zlib]
  ignore line: [gcc version 10.4.0 (conda-forge gcc 10.4.0-19) ]
  ignore line: [COLLECT_GCC_OPTIONS='-march=nocona' '-mtune=haswell' '-ftree-vectorize' '-fPIC' '-fstack-protector-strong' '-fno-plt' '-O2' '-ffunction-sections' '-pipe' '-isystem' '/home/maria/miniconda3/envs/cmake-tutorial/include' '-v' '-o' 'CMakeFiles/cmTC_597b1.dir/CMakeCCompilerABI.c.o' '-c']
  ignore line: [ /home/maria/miniconda3/envs/cmake-tutorial/bin/../libexec/gcc/x86_64-conda-linux-gnu/10.4.0/cc1 -quiet -v -iprefix /home/maria/miniconda3/envs/cmake-tutorial/bin/../lib/gcc/x86_64-conda-linux-gnu/10.4.0/ -isysroot /home/maria/miniconda3/envs/cmake-tutorial/bin/../x86_64-conda-linux-gnu/sysroot -isystem /home/maria/miniconda3/envs/cmake-tutorial/include /home/maria/miniconda3/envs/cmake-tutorial/share/cmake-3.25/Modules/CMakeCCompilerABI.c -quiet -dumpbase CMakeCCompilerABI.c -march=nocona -mtune=haswell -auxbase-strip CMakeFiles/cmTC_597b1.dir/CMakeCCompilerABI.c.o -O2 -version -ftree-vectorize -fPIC -fstack-protector-strong -fno-plt -ffunction-sections -o - |]
  ignore line: [ /home/maria/miniconda3/envs/cmake-tutorial/bin/../lib/gcc/x86_64-conda-linux-gnu/10.4.0/../../../../x86_64-conda-linux-gnu/bin/as -v --64 -o CMakeFiles/cmTC_597b1.dir/CMakeCCompilerABI.c.o]
  ignore line: [GNU assembler version 2.39 (x86_64-conda-linux-gnu) using BFD version (GNU Binutils) 2.39]
  ignore line: [GNU C17 (conda-forge gcc 10.4.0-19) version 10.4.0 (x86_64-conda-linux-gnu)]
  ignore line: [	compiled by GNU C version 10.4.0  GMP version 6.1.0  MPFR version 3.1.6  MPC version 1.0.3  isl version isl-0.18-GMP]
  ignore line: []
  ignore line: [GGC heuristics: --param ggc-min-expand=100 --param ggc-min-heapsize=131072]
  ignore line: [ignoring duplicate directory "/home/maria/miniconda3/envs/cmake-tutorial/bin/../lib/gcc/../../lib/gcc/x86_64-conda-linux-gnu/10.4.0/include"]
  ignore line: [ignoring nonexistent directory "/home/maria/miniconda3/envs/cmake-tutorial/bin/../x86_64-conda-linux-gnu/sysroot/usr/local/include"]
  ignore line: [ignoring duplicate directory "/home/maria/miniconda3/envs/cmake-tutorial/bin/../lib/gcc/../../lib/gcc/x86_64-conda-linux-gnu/10.4.0/include-fixed"]
  ignore line: [ignoring duplicate directory "/home/maria/miniconda3/envs/cmake-tutorial/bin/../lib/gcc/../../lib/gcc/x86_64-conda-linux-gnu/10.4.0/../../../../x86_64-conda-linux-gnu/include"]
  ignore line: [#include "..." search starts here:]
  ignore line: [#include <...> search starts here:]
  ignore line: [ /home/maria/miniconda3/envs/cmake-tutorial/include]
  ignore line: [ /home/maria/miniconda3/envs/cmake-tutorial/bin/../lib/gcc/x86_64-conda-linux-gnu/10.4.0/include]
  ignore line: [ /home/maria/miniconda3/envs/cmake-tutorial/bin/../lib/gcc/x86_64-conda-linux-gnu/10.4.0/include-fixed]
  ignore line: [ /home/maria/miniconda3/envs/cmake-tutorial/bin/../lib/gcc/x86_64-conda-linux-gnu/10.4.0/../../../../x86_64-conda-linux-gnu/include]
  ignore line: [ /home/maria/miniconda3/envs/cmake-tutorial/bin/../x86_64-conda-linux-gnu/sysroot/usr/include]
  ignore line: [End of search list.]
  ignore line: [GNU C17 (conda-forge gcc 10.4.0-19) version 10.4.0 (x86_64-conda-linux-gnu)]
  ignore line: [	compiled by GNU C version 10.4.0  GMP version 6.1.0  MPFR version 3.1.6  MPC version 1.0.3  isl version isl-0.18-GMP]
  ignore line: []
  ignore line: [GGC heuristics: --param ggc-min-expand=100 --param ggc-min-heapsize=131072]
  ignore line: [Compiler executable checksum: 261c333cfb634f8a42c0ca2a8624ba40]
  ignore line: [COMPILER_PATH=/home/maria/miniconda3/envs/cmake-tutorial/bin/../libexec/gcc/x86_64-conda-linux-gnu/10.4.0/:/home/maria/miniconda3/envs/cmake-tutorial/bin/../libexec/gcc/:/home/maria/miniconda3/envs/cmake-tutorial/bin/../lib/gcc/x86_64-conda-linux-gnu/10.4.0/../../../../x86_64-conda-linux-gnu/bin/]
  ignore line: [LIBRARY_PATH=/home/maria/miniconda3/envs/cmake-tutorial/bin/../lib/gcc/x86_64-conda-linux-gnu/10.4.0/:/home/maria/miniconda3/envs/cmake-tutorial/bin/../lib/gcc/:/home/maria/miniconda3/envs/cmake-tutorial/bin/../lib/gcc/x86_64-conda-linux-gnu/10.4.0/../../../../x86_64-conda-linux-gnu/lib/../lib/:/home/maria/miniconda3/envs/cmake-tutorial/bin/../lib/gcc/x86_64-conda-linux-gnu/10.4.0/../../../../lib/:/home/maria/miniconda3/envs/cmake-tutorial/bin/../x86_64-conda-linux-gnu/sysroot/lib/../lib/:/home/maria/miniconda3/envs/cmake-tutorial/bin/../x86_64-conda-linux-gnu/sysroot/usr/lib/../lib/:/home/maria/miniconda3/envs/cmake-tutorial/bin/../lib/gcc/x86_64-conda-linux-gnu/10.4.0/../../../../x86_64-conda-linux-gnu/lib/:/home/maria/miniconda3/envs/cmake-tutorial/bin/../lib/gcc/x86_64-conda-linux-gnu/10.4.0/../../../:/home/maria/miniconda3/envs/cmake-tutorial/bin/../x86_64-conda-linux-gnu/sysroot/lib/:/home/maria/miniconda3/envs/cmake-tutorial/bin/../x86_64-conda-linux-gnu/sysroot/usr/lib/]
  ignore line: [COLLECT_GCC_OPTIONS='-march=nocona' '-mtune=haswell' '-ftree-vectorize' '-fPIC' '-fstack-protector-strong' '-fno-plt' '-O2' '-ffunction-sections' '-pipe' '-isystem' '/home/maria/miniconda3/envs/cmake-tutorial/include' '-v' '-o' 'CMakeFiles/cmTC_597b1.dir/CMakeCCompilerABI.c.o' '-c']
  ignore line: [Linking C executable cmTC_597b1]
  ignore line: [/home/maria/miniconda3/envs/cmake-tutorial/bin/cmake -E cmake_link_script CMakeFiles/cmTC_597b1.dir/link.txt --verbose=1]
  ignore line: [/home/maria/miniconda3/envs/cmake-tutorial/bin/x86_64-conda-linux-gnu-cc -march=nocona -mtune=haswell -ftree-vectorize -fPIC -fstack-protector-strong -fno-plt -O2 -ffunction-sections -pipe -isystem /home/maria/miniconda3/envs/cmake-tutorial/include  -Wl -O2 -Wl --sort-common -Wl --as-needed -Wl -z relro -Wl -z now -Wl --disable-new-dtags -Wl --gc-sections -Wl --allow-shlib-undefined -Wl -rpath /home/maria/miniconda3/envs/cmake-tutorial/lib -Wl -rpath-link /home/maria/miniconda3/envs/cmake-tutorial/lib -L/home/maria/miniconda3/envs/cmake-tutorial/lib -v CMakeFiles/cmTC_597b1.dir/CMakeCCompilerABI.c.o -o cmTC_597b1 ]
  ignore line: [Reading specs from /home/maria/miniconda3/envs/cmake-tutorial/bin/../lib/gcc/x86_64-conda-linux-gnu/10.4.0/specs]
  ignore line: [could not find specs file conda.specs]
  ignore line: [COLLECT_GCC=/home/maria/miniconda3/envs/cmake-tutorial/bin/x86_64-conda-linux-gnu-cc]
  ignore line: [COLLECT_LTO_WRAPPER=/home/maria/miniconda3/envs/cmake-tutorial/bin/../libexec/gcc/x86_64-conda-linux-gnu/10.4.0/lto-wrapper]
  ignore line: [Target: x86_64-conda-linux-gnu]
  ignore line: [Configured with: ../configure --prefix=/home/conda/feedstock_root/build_artifacts/gcc_compilers_1666516817544/_h_env_placehold_placehold_placehold_placehold_placehold_placehold_placehold_placehold_placehold_placehold_placehold_placehold_placehold_placehold_placehold_placehold_placehold_placeho --with-slibdir=/home/conda/feedstock_root/build_artifacts/gcc_compilers_1666516817544/_h_env_placehold_placehold_placehold_placehold_placehold_placehold_placehold_placehold_placehold_placehold_placehold_placehold_placehold_placehold_placehold_placehold_placehold_placeho/lib --libdir=/home/conda/feedstock_root/build_artifacts/gcc_compilers_1666516817544/_h_env_placehold_placehold_placehold_placehold_placehold_placehold_placehold_placehold_placehold_placehold_placehold_placehold_placehold_placehold_placehold_placehold_placehold_placeho/lib --mandir=/home/conda/feedstock_root/build_artifacts/gcc_compilers_1666516817544/_h_env_placehold_placehold_placehold_placehold_placehold_placehold_placehold_placehold_placehold_placehold_placehold_placehold_placehold_placehold_placehold_placehold_placehold_placeho/man --build=x86_64-conda-linux-gnu --host=x86_64-conda-linux-gnu --target=x86_64-conda-linux-gnu --enable-default-pie --enable-languages=c c++ fortran objc obj-c++ --enable-__cxa_atexit --disable-libmudflap --enable-libgomp --disable-libssp --enable-libquadmath --enable-libquadmath-support --enable-libsanitizer --enable-lto --enable-threads=posix --enable-target-optspace --enable-plugin --enable-gold --disable-nls --disable-bootstrap --disable-multilib --enable-long-long --with-sysroot=/home/conda/feedstock_root/build_artifacts/gcc_compilers_1666516817544/_h_env_placehold_placehold_placehold_placehold_placehold_placehold_placehold_placehold_placehold_placehold_placehold_placehold_placehold_placehold_placehold_placehold_placehold_placeho/x86_64-conda-linux-gnu/sysroot --with-build-sysroot=/home/conda/feedstock_root/build_artifacts/gcc_compilers_1666516817544/_build_env/x86_64-conda-linux-gnu/sysroot --with-gxx-include-dir=/home/conda/feedstock_root/build_artifacts/gcc_compilers_1666516817544/_h_env_placehold_placehold_placehold_placehold_placehold_placehold_placehold_placehold_placehold_placehold_placehold_placehold_placehold_placehold_placehold_placehold_placehold_placeho/x86_64-conda-linux-gnu/include/c++/10.4.0 --with-pkgversion='conda-forge gcc 10.4.0-19' --with-bugurl=https://github.com/conda-forge/ctng-compilers-feedstock/issues/new/choose]
  ignore line: [Thread model: posix]
  ignore line: [Supported LTO compression algorithms: zlib]
  ignore line: [gcc version 10.4.0 (conda-forge gcc 10.4.0-19) ]
  ignore line: [COMPILER_PATH=/home/maria/miniconda3/envs/cmake-tutorial/bin/../libexec/gcc/x86_64-conda-linux-gnu/10.4.0/:/home/maria/miniconda3/envs/cmake-tutorial/bin/../libexec/gcc/:/home/maria/miniconda3/envs/cmake-tutorial/bin/../lib/gcc/x86_64-conda-linux-gnu/10.4.0/../../../../x86_64-conda-linux-gnu/bin/]
  ignore line: [LIBRARY_PATH=/home/maria/miniconda3/envs/cmake-tutorial/bin/../lib/gcc/x86_64-conda-linux-gnu/10.4.0/:/home/maria/miniconda3/envs/cmake-tutorial/bin/../lib/gcc/:/home/maria/miniconda3/envs/cmake-tutorial/bin/../lib/gcc/x86_64-conda-linux-gnu/10.4.0/../../../../x86_64-conda-linux-gnu/lib/../lib/:/home/maria/miniconda3/envs/cmake-tutorial/bin/../lib/gcc/x86_64-conda-linux-gnu/10.4.0/../../../../lib/:/home/maria/miniconda3/envs/cmake-tutorial/bin/../x86_64-conda-linux-gnu/sysroot/lib/../lib/:/home/maria/miniconda3/envs/cmake-tutorial/bin/../x86_64-conda-linux-gnu/sysroot/usr/lib/../lib/:/home/maria/miniconda3/envs/cmake-tutorial/bin/../lib/gcc/x86_64-conda-linux-gnu/10.4.0/../../../../x86_64-conda-linux-gnu/lib/:/home/maria/miniconda3/envs/cmake-tutorial/bin/../lib/gcc/x86_64-conda-linux-gnu/10.4.0/../../../:/home/maria/miniconda3/envs/cmake-tutorial/bin/../x86_64-conda-linux-gnu/sysroot/lib/:/home/maria/miniconda3/envs/cmake-tutorial/bin/../x86_64-conda-linux-gnu/sysroot/usr/lib/]
  ignore line: [COLLECT_GCC_OPTIONS='-march=nocona' '-mtune=haswell' '-ftree-vectorize' '-fPIC' '-fstack-protector-strong' '-fno-plt' '-O2' '-ffunction-sections' '-pipe' '-isystem' '/home/maria/miniconda3/envs/cmake-tutorial/include' '-L/home/maria/miniconda3/envs/cmake-tutorial/lib' '-v' '-o' 'cmTC_597b1']
  link line: [ /home/maria/miniconda3/envs/cmake-tutorial/bin/../libexec/gcc/x86_64-conda-linux-gnu/10.4.0/collect2 -plugin /home/maria/miniconda3/envs/cmake-tutorial/bin/../libexec/gcc/x86_64-conda-linux-gnu/10.4.0/liblto_plugin.so -plugin-opt=/home/maria/miniconda3/envs/cmake-tutorial/bin/../libexec/gcc/x86_64-conda-linux-gnu/10.4.0/lto-wrapper -plugin-opt=-fresolution=/tmp/ccY3cpY6.res -plugin-opt=-pass-through=-lgcc -plugin-opt=-pass-through=-lgcc_s -plugin-opt=-pass-through=-lc -plugin-opt=-pass-through=-lgcc -plugin-opt=-pass-through=-lgcc_s --sysroot=/home/maria/miniconda3/envs/cmake-tutorial/bin/../x86_64-conda-linux-gnu/sysroot --eh-frame-hdr -m elf_x86_64 -dynamic-linker /lib64/ld-linux-x86-64.so.2 -pie -o cmTC_597b1 /home/maria/miniconda3/envs/cmake-tutorial/bin/../x86_64-conda-linux-gnu/sysroot/usr/lib/../lib/Scrt1.o /home/maria/miniconda3/envs/cmake-tutorial/bin/../x86_64-conda-linux-gnu/sysroot/usr/lib/../lib/crti.o /home/maria/miniconda3/envs/cmake-tutorial/bin/../lib/gcc/x86_64-conda-linux-gnu/10.4.0/crtbeginS.o -L/home/maria/miniconda3/envs/cmake-tutorial/lib -L/home/maria/miniconda3/envs/cmake-tutorial/bin/../lib/gcc/x86_64-conda-linux-gnu/10.4.0 -L/home/maria/miniconda3/envs/cmake-tutorial/bin/../lib/gcc -L/home/maria/miniconda3/envs/cmake-tutorial/bin/../lib/gcc/x86_64-conda-linux-gnu/10.4.0/../../../../x86_64-conda-linux-gnu/lib/../lib -L/home/maria/miniconda3/envs/cmake-tutorial/bin/../lib/gcc/x86_64-conda-linux-gnu/10.4.0/../../../../lib -L/home/maria/miniconda3/envs/cmake-tutorial/bin/../x86_64-conda-linux-gnu/sysroot/lib/../lib -L/home/maria/miniconda3/envs/cmake-tutorial/bin/../x86_64-conda-linux-gnu/sysroot/usr/lib/../lib -L/home/maria/miniconda3/envs/cmake-tutorial/bin/../lib/gcc/x86_64-conda-linux-gnu/10.4.0/../../../../x86_64-conda-linux-gnu/lib -L/home/maria/miniconda3/envs/cmake-tutorial/bin/../lib/gcc/x86_64-conda-linux-gnu/10.4.0/../../.. -L/home/maria/miniconda3/envs/cmake-tutorial/bin/../x86_64-conda-linux-gnu/sysroot/lib -L/home/maria/miniconda3/envs/cmake-tutorial/bin/../x86_64-conda-linux-gnu/sysroot/usr/lib -O2 --sort-common --as-needed -z relro -z now --disable-new-dtags --gc-sections --allow-shlib-undefined -rpath /home/maria/miniconda3/envs/cmake-tutorial/lib -rpath-link /home/maria/miniconda3/envs/cmake-tutorial/lib CMakeFiles/cmTC_597b1.dir/CMakeCCompilerABI.c.o -lgcc --push-state --as-needed -lgcc_s --pop-state -lc -lgcc --push-state --as-needed -lgcc_s --pop-state /home/maria/miniconda3/envs/cmake-tutorial/bin/../lib/gcc/x86_64-conda-linux-gnu/10.4.0/crtendS.o /home/maria/miniconda3/envs/cmake-tutorial/bin/../x86_64-conda-linux-gnu/sysroot/usr/lib/../lib/crtn.o -rpath /home/maria/miniconda3/envs/cmake-tutorial/lib]
    arg [/home/maria/miniconda3/envs/cmake-tutorial/bin/../libexec/gcc/x86_64-conda-linux-gnu/10.4.0/collect2] ==> ignore
    arg [-plugin] ==> ignore
    arg [/home/maria/miniconda3/envs/cmake-tutorial/bin/../libexec/gcc/x86_64-conda-linux-gnu/10.4.0/liblto_plugin.so] ==> ignore
    arg [-plugin-opt=/home/maria/miniconda3/envs/cmake-tutorial/bin/../libexec/gcc/x86_64-conda-linux-gnu/10.4.0/lto-wrapper] ==> ignore
    arg [-plugin-opt=-fresolution=/tmp/ccY3cpY6.res] ==> ignore
    arg [-plugin-opt=-pass-through=-lgcc] ==> ignore
    arg [-plugin-opt=-pass-through=-lgcc_s] ==> ignore
    arg [-plugin-opt=-pass-through=-lc] ==> ignore
    arg [-plugin-opt=-pass-through=-lgcc] ==> ignore
    arg [-plugin-opt=-pass-through=-lgcc_s] ==> ignore
    arg [--sysroot=/home/maria/miniconda3/envs/cmake-tutorial/bin/../x86_64-conda-linux-gnu/sysroot] ==> ignore
    arg [--eh-frame-hdr] ==> ignore
    arg [-m] ==> ignore
    arg [elf_x86_64] ==> ignore
    arg [-dynamic-linker] ==> ignore
    arg [/lib64/ld-linux-x86-64.so.2] ==> ignore
    arg [-pie] ==> ignore
    arg [-o] ==> ignore
    arg [cmTC_597b1] ==> ignore
    arg [/home/maria/miniconda3/envs/cmake-tutorial/bin/../x86_64-conda-linux-gnu/sysroot/usr/lib/../lib/Scrt1.o] ==> obj [/home/maria/miniconda3/envs/cmake-tutorial/bin/../x86_64-conda-linux-gnu/sysroot/usr/lib/../lib/Scrt1.o]
    arg [/home/maria/miniconda3/envs/cmake-tutorial/bin/../x86_64-conda-linux-gnu/sysroot/usr/lib/../lib/crti.o] ==> obj [/home/maria/miniconda3/envs/cmake-tutorial/bin/../x86_64-conda-linux-gnu/sysroot/usr/lib/../lib/crti.o]
    arg [/home/maria/miniconda3/envs/cmake-tutorial/bin/../lib/gcc/x86_64-conda-linux-gnu/10.4.0/crtbeginS.o] ==> obj [/home/maria/miniconda3/envs/cmake-tutorial/bin/../lib/gcc/x86_64-conda-linux-gnu/10.4.0/crtbeginS.o]
    arg [-L/home/maria/miniconda3/envs/cmake-tutorial/lib] ==> dir [/home/maria/miniconda3/envs/cmake-tutorial/lib]
    arg [-L/home/maria/miniconda3/envs/cmake-tutorial/bin/../lib/gcc/x86_64-conda-linux-gnu/10.4.0] ==> dir [/home/maria/miniconda3/envs/cmake-tutorial/bin/../lib/gcc/x86_64-conda-linux-gnu/10.4.0]
    arg [-L/home/maria/miniconda3/envs/cmake-tutorial/bin/../lib/gcc] ==> dir [/home/maria/miniconda3/envs/cmake-tutorial/bin/../lib/gcc]
    arg [-L/home/maria/miniconda3/envs/cmake-tutorial/bin/../lib/gcc/x86_64-conda-linux-gnu/10.4.0/../../../../x86_64-conda-linux-gnu/lib/../lib] ==> dir [/home/maria/miniconda3/envs/cmake-tutorial/bin/../lib/gcc/x86_64-conda-linux-gnu/10.4.0/../../../../x86_64-conda-linux-gnu/lib/../lib]
    arg [-L/home/maria/miniconda3/envs/cmake-tutorial/bin/../lib/gcc/x86_64-conda-linux-gnu/10.4.0/../../../../lib] ==> dir [/home/maria/miniconda3/envs/cmake-tutorial/bin/../lib/gcc/x86_64-conda-linux-gnu/10.4.0/../../../../lib]
    arg [-L/home/maria/miniconda3/envs/cmake-tutorial/bin/../x86_64-conda-linux-gnu/sysroot/lib/../lib] ==> dir [/home/maria/miniconda3/envs/cmake-tutorial/bin/../x86_64-conda-linux-gnu/sysroot/lib/../lib]
    arg [-L/home/maria/miniconda3/envs/cmake-tutorial/bin/../x86_64-conda-linux-gnu/sysroot/usr/lib/../lib] ==> dir [/home/maria/miniconda3/envs/cmake-tutorial/bin/../x86_64-conda-linux-gnu/sysroot/usr/lib/../lib]
    arg [-L/home/maria/miniconda3/envs/cmake-tutorial/bin/../lib/gcc/x86_64-conda-linux-gnu/10.4.0/../../../../x86_64-conda-linux-gnu/lib] ==> dir [/home/maria/miniconda3/envs/cmake-tutorial/bin/../lib/gcc/x86_64-conda-linux-gnu/10.4.0/../../../../x86_64-conda-linux-gnu/lib]
    arg [-L/home/maria/miniconda3/envs/cmake-tutorial/bin/../lib/gcc/x86_64-conda-linux-gnu/10.4.0/../../..] ==> dir [/home/maria/miniconda3/envs/cmake-tutorial/bin/../lib/gcc/x86_64-conda-linux-gnu/10.4.0/../../..]
    arg [-L/home/maria/miniconda3/envs/cmake-tutorial/bin/../x86_64-conda-linux-gnu/sysroot/lib] ==> dir [/home/maria/miniconda3/envs/cmake-tutorial/bin/../x86_64-conda-linux-gnu/sysroot/lib]
    arg [-L/home/maria/miniconda3/envs/cmake-tutorial/bin/../x86_64-conda-linux-gnu/sysroot/usr/lib] ==> dir [/home/maria/miniconda3/envs/cmake-tutorial/bin/../x86_64-conda-linux-gnu/sysroot/usr/lib]
    arg [-O2] ==> ignore
    arg [--sort-common] ==> ignore
    arg [--as-needed] ==> ignore
    arg [-zrelro] ==> ignore
    arg [-znow] ==> ignore
    arg [--disable-new-dtags] ==> ignore
    arg [--gc-sections] ==> ignore
    arg [--allow-shlib-undefined] ==> ignore
    arg [-rpath] ==> ignore
    arg [/home/maria/miniconda3/envs/cmake-tutorial/lib] ==> ignore
    arg [-rpath-link] ==> ignore
    arg [/home/maria/miniconda3/envs/cmake-tutorial/lib] ==> ignore
    arg [CMakeFiles/cmTC_597b1.dir/CMakeCCompilerABI.c.o] ==> ignore
    arg [-lgcc] ==> lib [gcc]
    arg [--push-state] ==> ignore
    arg [--as-needed] ==> ignore
    arg [-lgcc_s] ==> lib [gcc_s]
    arg [--pop-state] ==> ignore
    arg [-lc] ==> lib [c]
    arg [-lgcc] ==> lib [gcc]
    arg [--push-state] ==> ignore
    arg [--as-needed] ==> ignore
    arg [-lgcc_s] ==> lib [gcc_s]
    arg [--pop-state] ==> ignore
    arg [/home/maria/miniconda3/envs/cmake-tutorial/bin/../lib/gcc/x86_64-conda-linux-gnu/10.4.0/crtendS.o] ==> obj [/home/maria/miniconda3/envs/cmake-tutorial/bin/../lib/gcc/x86_64-conda-linux-gnu/10.4.0/crtendS.o]
    arg [/home/maria/miniconda3/envs/cmake-tutorial/bin/../x86_64-conda-linux-gnu/sysroot/usr/lib/../lib/crtn.o] ==> obj [/home/maria/miniconda3/envs/cmake-tutorial/bin/../x86_64-conda-linux-gnu/sysroot/usr/lib/../lib/crtn.o]
    arg [-rpath] ==> ignore
    arg [/home/maria/miniconda3/envs/cmake-tutorial/lib] ==> ignore
  collapse obj [/home/maria/miniconda3/envs/cmake-tutorial/bin/../x86_64-conda-linux-gnu/sysroot/usr/lib/../lib/Scrt1.o] ==> [/home/maria/miniconda3/envs/cmake-tutorial/x86_64-conda-linux-gnu/sysroot/usr/lib/Scrt1.o]
  collapse obj [/home/maria/miniconda3/envs/cmake-tutorial/bin/../x86_64-conda-linux-gnu/sysroot/usr/lib/../lib/crti.o] ==> [/home/maria/miniconda3/envs/cmake-tutorial/x86_64-conda-linux-gnu/sysroot/usr/lib/crti.o]
  collapse obj [/home/maria/miniconda3/envs/cmake-tutorial/bin/../lib/gcc/x86_64-conda-linux-gnu/10.4.0/crtbeginS.o] ==> [/home/maria/miniconda3/envs/cmake-tutorial/lib/gcc/x86_64-conda-linux-gnu/10.4.0/crtbeginS.o]
  collapse obj [/home/maria/miniconda3/envs/cmake-tutorial/bin/../lib/gcc/x86_64-conda-linux-gnu/10.4.0/crtendS.o] ==> [/home/maria/miniconda3/envs/cmake-tutorial/lib/gcc/x86_64-conda-linux-gnu/10.4.0/crtendS.o]
  collapse obj [/home/maria/miniconda3/envs/cmake-tutorial/bin/../x86_64-conda-linux-gnu/sysroot/usr/lib/../lib/crtn.o] ==> [/home/maria/miniconda3/envs/cmake-tutorial/x86_64-conda-linux-gnu/sysroot/usr/lib/crtn.o]
  collapse library dir [/home/maria/miniconda3/envs/cmake-tutorial/lib] ==> [/home/maria/miniconda3/envs/cmake-tutorial/lib]
  collapse library dir [/home/maria/miniconda3/envs/cmake-tutorial/bin/../lib/gcc/x86_64-conda-linux-gnu/10.4.0] ==> [/home/maria/miniconda3/envs/cmake-tutorial/lib/gcc/x86_64-conda-linux-gnu/10.4.0]
  collapse library dir [/home/maria/miniconda3/envs/cmake-tutorial/bin/../lib/gcc] ==> [/home/maria/miniconda3/envs/cmake-tutorial/lib/gcc]
  collapse library dir [/home/maria/miniconda3/envs/cmake-tutorial/bin/../lib/gcc/x86_64-conda-linux-gnu/10.4.0/../../../../x86_64-conda-linux-gnu/lib/../lib] ==> [/home/maria/miniconda3/envs/cmake-tutorial/x86_64-conda-linux-gnu/lib]
  collapse library dir [/home/maria/miniconda3/envs/cmake-tutorial/bin/../lib/gcc/x86_64-conda-linux-gnu/10.4.0/../../../../lib] ==> [/home/maria/miniconda3/envs/cmake-tutorial/lib]
  collapse library dir [/home/maria/miniconda3/envs/cmake-tutorial/bin/../x86_64-conda-linux-gnu/sysroot/lib/../lib] ==> [/home/maria/miniconda3/envs/cmake-tutorial/x86_64-conda-linux-gnu/sysroot/lib]
  collapse library dir [/home/maria/miniconda3/envs/cmake-tutorial/bin/../x86_64-conda-linux-gnu/sysroot/usr/lib/../lib] ==> [/home/maria/miniconda3/envs/cmake-tutorial/x86_64-conda-linux-gnu/sysroot/usr/lib]
  collapse library dir [/home/maria/miniconda3/envs/cmake-tutorial/bin/../lib/gcc/x86_64-conda-linux-gnu/10.4.0/../../../../x86_64-conda-linux-gnu/lib] ==> [/home/maria/miniconda3/envs/cmake-tutorial/x86_64-conda-linux-gnu/lib]
  collapse library dir [/home/maria/miniconda3/envs/cmake-tutorial/bin/../lib/gcc/x86_64-conda-linux-gnu/10.4.0/../../..] ==> [/home/maria/miniconda3/envs/cmake-tutorial/lib]
  collapse library dir [/home/maria/miniconda3/envs/cmake-tutorial/bin/../x86_64-conda-linux-gnu/sysroot/lib] ==> [/home/maria/miniconda3/envs/cmake-tutorial/x86_64-conda-linux-gnu/sysroot/lib]
  collapse library dir [/home/maria/miniconda3/envs/cmake-tutorial/bin/../x86_64-conda-linux-gnu/sysroot/usr/lib] ==> [/home/maria/miniconda3/envs/cmake-tutorial/x86_64-conda-linux-gnu/sysroot/usr/lib]
  implicit libs: [gcc;gcc_s;c;gcc;gcc_s]
  implicit objs: [/home/maria/miniconda3/envs/cmake-tutorial/x86_64-conda-linux-gnu/sysroot/usr/lib/Scrt1.o;/home/maria/miniconda3/envs/cmake-tutorial/x86_64-conda-linux-gnu/sysroot/usr/lib/crti.o;/home/maria/miniconda3/envs/cmake-tutorial/lib/gcc/x86_64-conda-linux-gnu/10.4.0/crtbeginS.o;/home/maria/miniconda3/envs/cmake-tutorial/lib/gcc/x86_64-conda-linux-gnu/10.4.0/crtendS.o;/home/maria/miniconda3/envs/cmake-tutorial/x86_64-conda-linux-gnu/sysroot/usr/lib/crtn.o]
  implicit dirs: [/home/maria/miniconda3/envs/cmake-tutorial/lib;/home/maria/miniconda3/envs/cmake-tutorial/lib/gcc/x86_64-conda-linux-gnu/10.4.0;/home/maria/miniconda3/envs/cmake-tutorial/lib/gcc;/home/maria/miniconda3/envs/cmake-tutorial/x86_64-conda-linux-gnu/lib;/home/maria/miniconda3/envs/cmake-tutorial/x86_64-conda-linux-gnu/sysroot/lib;/home/maria/miniconda3/envs/cmake-tutorial/x86_64-conda-linux-gnu/sysroot/usr/lib]
  implicit fwks: []


Detecting CXX compiler ABI info compiled with the following output:
Change Dir: /mnt/c/Users/maria/OneDrive/Área de Trabalho/IC/MOVRPDD-MariaLuisa/build/CMakeFiles/CMakeScratch/TryCompile-ALDWXC

Run Build Command(s):/usr/bin/gmake -f Makefile cmTC_14cdd/fast && /usr/bin/gmake  -f CMakeFiles/cmTC_14cdd.dir/build.make CMakeFiles/cmTC_14cdd.dir/build
gmake[1]: Entering directory '/mnt/c/Users/maria/OneDrive/Área de Trabalho/IC/MOVRPDD-MariaLuisa/build/CMakeFiles/CMakeScratch/TryCompile-ALDWXC'
Building CXX object CMakeFiles/cmTC_14cdd.dir/CMakeCXXCompilerABI.cpp.o
/home/maria/miniconda3/envs/cmake-tutorial/bin/x86_64-conda-linux-gnu-c++   -fvisibility-inlines-hidden -std=c++17 -fmessage-length=0 -march=nocona -mtune=haswell -ftree-vectorize -fPIC -fstack-protector-strong -fno-plt -O2 -ffunction-sections -pipe -isystem /home/maria/miniconda3/envs/cmake-tutorial/include    -v -o CMakeFiles/cmTC_14cdd.dir/CMakeCXXCompilerABI.cpp.o -c /home/maria/miniconda3/envs/cmake-tutorial/share/cmake-3.25/Modules/CMakeCXXCompilerABI.cpp
Reading specs from /home/maria/miniconda3/envs/cmake-tutorial/bin/../lib/gcc/x86_64-conda-linux-gnu/10.4.0/specs
could not find specs file conda.specs
COLLECT_GCC=/home/maria/miniconda3/envs/cmake-tutorial/bin/x86_64-conda-linux-gnu-c++
Target: x86_64-conda-linux-gnu
Configured with: ../configure --prefix=/home/conda/feedstock_root/build_artifacts/gcc_compilers_1666516817544/_h_env_placehold_placehold_placehold_placehold_placehold_placehold_placehold_placehold_placehold_placehold_placehold_placehold_placehold_placehold_placehold_placehold_placehold_placeho --with-slibdir=/home/conda/feedstock_root/build_artifacts/gcc_compilers_1666516817544/_h_env_placehold_placehold_placehold_placehold_placehold_placehold_placehold_placehold_placehold_placehold_placehold_placehold_placehold_placehold_placehold_placehold_placehold_placeho/lib --libdir=/home/conda/feedstock_root/build_artifacts/gcc_compilers_1666516817544/_h_env_placehold_placehold_placehold_placehold_placehold_placehold_placehold_placehold_placehold_placehold_placehold_placehold_placehold_placehold_placehold_placehold_placehold_placeho/lib --mandir=/home/conda/feedstock_root/build_artifacts/gcc_compilers_1666516817544/_h_env_placehold_placehold_placehold_placehold_placehold_placehold_placehold_placehold_placehold_placehold_placehold_placehold_placehold_placehold_placehold_placehold_placehold_placeho/man --build=x86_64-conda-linux-gnu --host=x86_64-conda-linux-gnu --target=x86_64-conda-linux-gnu --enable-default-pie --enable-languages=c,c++,fortran,objc,obj-c++ --enable-__cxa_atexit --disable-libmudflap --enable-libgomp --disable-libssp --enable-libquadmath --enable-libquadmath-support --enable-libsanitizer --enable-lto --enable-threads=posix --enable-target-optspace --enable-plugin --enable-gold --disable-nls --disable-bootstrap --disable-multilib --enable-long-long --with-sysroot=/home/conda/feedstock_root/build_artifacts/gcc_compilers_1666516817544/_h_env_placehold_placehold_placehold_placehold_placehold_placehold_placehold_placehold_placehold_placehold_placehold_placehold_placehold_placehold_placehold_placehold_placehold_placeho/x86_64-conda-linux-gnu/sysroot --with-build-sysroot=/home/conda/feedstock_root/build_artifacts/gcc_compilers_1666516817544/_build_env/x86_64-conda-linux-gnu/sysroot --with-gxx-include-dir=/home/conda/feedstock_root/build_artifacts/gcc_compilers_1666516817544/_h_env_placehold_placehold_placehold_placehold_placehold_placehold_placehold_placehold_placehold_placehold_placehold_placehold_placehold_placehold_placehold_placehold_placehold_placeho/x86_64-conda-linux-gnu/include/c++/10.4.0 --with-pkgversion='conda-forge gcc 10.4.0-19' --with-bugurl=https://github.com/conda-forge/ctng-compilers-feedstock/issues/new/choose
Thread model: posix
Supported LTO compression algorithms: zlib
gcc version 10.4.0 (conda-forge gcc 10.4.0-19) 
COLLECT_GCC_OPTIONS='-fvisibility-inlines-hidden' '-std=c++17' '-fmessage-length=0' '-march=nocona' '-mtune=haswell' '-ftree-vectorize' '-fPIC' '-fstack-protector-strong' '-fno-plt' '-O2' '-ffunction-sections' '-pipe' '-isystem' '/home/maria/miniconda3/envs/cmake-tutorial/include' '-v' '-o' 'CMakeFiles/cmTC_14cdd.dir/CMakeCXXCompilerABI.cpp.o' '-c' '-shared-libgcc'
 /home/maria/miniconda3/envs/cmake-tutorial/bin/../libexec/gcc/x86_64-conda-linux-gnu/10.4.0/cc1plus -quiet -v -iprefix /home/maria/miniconda3/envs/cmake-tutorial/bin/../lib/gcc/x86_64-conda-linux-gnu/10.4.0/ -isysroot /home/maria/miniconda3/envs/cmake-tutorial/bin/../x86_64-conda-linux-gnu/sysroot -D_GNU_SOURCE -isystem /home/maria/miniconda3/envs/cmake-tutorial/include /home/maria/miniconda3/envs/cmake-tutorial/share/cmake-3.25/Modules/CMakeCXXCompilerABI.cpp -quiet -dumpbase CMakeCXXCompilerABI.cpp -march=nocona -mtune=haswell -auxbase-strip CMakeFiles/cmTC_14cdd.dir/CMakeCXXCompilerABI.cpp.o -O2 -std=c++17 -version -fvisibility-inlines-hidden -fmessage-length=0 -ftree-vectorize -fPIC -fstack-protector-strong -fno-plt -ffunction-sections -o - |
 /home/maria/miniconda3/envs/cmake-tutorial/bin/../lib/gcc/x86_64-conda-linux-gnu/10.4.0/../../../../x86_64-conda-linux-gnu/bin/as -v --64 -o CMakeFiles/cmTC_14cdd.dir/CMakeCXXCompilerABI.cpp.o
GNU assembler version 2.39 (x86_64-conda-linux-gnu) using BFD version (GNU Binutils) 2.39
GNU C++17 (conda-forge gcc 10.4.0-19) version 10.4.0 (x86_64-conda-linux-gnu)
	compiled by GNU C version 10.4.0, GMP version 6.1.0, MPFR version 3.1.6, MPC version 1.0.3, isl version isl-0.18-GMP

GGC heuristics: --param ggc-min-expand=100 --param ggc-min-heapsize=131072
ignoring duplicate directory "/home/maria/miniconda3/envs/cmake-tutorial/bin/../lib/gcc/../../lib/gcc/x86_64-conda-linux-gnu/10.4.0/include"
ignoring nonexistent directory "/home/maria/miniconda3/envs/cmake-tutorial/bin/../x86_64-conda-linux-gnu/sysroot/usr/local/include"
ignoring duplicate directory "/home/maria/miniconda3/envs/cmake-tutorial/bin/../lib/gcc/../../lib/gcc/x86_64-conda-linux-gnu/10.4.0/include-fixed"
ignoring duplicate directory "/home/maria/miniconda3/envs/cmake-tutorial/bin/../lib/gcc/../../lib/gcc/x86_64-conda-linux-gnu/10.4.0/../../../../x86_64-conda-linux-gnu/include"
#include "..." search starts here:
#include <...> search starts here:
 /home/maria/miniconda3/envs/cmake-tutorial/include
 /home/maria/miniconda3/envs/cmake-tutorial/bin/../lib/gcc/x86_64-conda-linux-gnu/10.4.0/include
 /home/maria/miniconda3/envs/cmake-tutorial/bin/../lib/gcc/x86_64-conda-linux-gnu/10.4.0/include-fixed
 /home/maria/miniconda3/envs/cmake-tutorial/bin/../lib/gcc/x86_64-conda-linux-gnu/10.4.0/../../../../x86_64-conda-linux-gnu/include
 /home/maria/miniconda3/envs/cmake-tutorial/bin/../lib/gcc/../../x86_64-conda-linux-gnu/include/c++/10.4.0
 /home/maria/miniconda3/envs/cmake-tutorial/bin/../lib/gcc/../../x86_64-conda-linux-gnu/include/c++/10.4.0/x86_64-conda-linux-gnu
 /home/maria/miniconda3/envs/cmake-tutorial/bin/../lib/gcc/../../x86_64-conda-linux-gnu/include/c++/10.4.0/backward
 /home/maria/miniconda3/envs/cmake-tutorial/bin/../x86_64-conda-linux-gnu/sysroot/usr/include
End of search list.
GNU C++17 (conda-forge gcc 10.4.0-19) version 10.4.0 (x86_64-conda-linux-gnu)
	compiled by GNU C version 10.4.0, GMP version 6.1.0, MPFR version 3.1.6, MPC version 1.0.3, isl version isl-0.18-GMP

GGC heuristics: --param ggc-min-expand=100 --param ggc-min-heapsize=131072
Compiler executable checksum: 0fca5b8e4fb11ad6149b2d89dd596e0c
COMPILER_PATH=/home/maria/miniconda3/envs/cmake-tutorial/bin/../libexec/gcc/x86_64-conda-linux-gnu/10.4.0/:/home/maria/miniconda3/envs/cmake-tutorial/bin/../libexec/gcc/:/home/maria/miniconda3/envs/cmake-tutorial/bin/../lib/gcc/x86_64-conda-linux-gnu/10.4.0/../../../../x86_64-conda-linux-gnu/bin/
LIBRARY_PATH=/home/maria/miniconda3/envs/cmake-tutorial/bin/../lib/gcc/x86_64-conda-linux-gnu/10.4.0/:/home/maria/miniconda3/envs/cmake-tutorial/bin/../lib/gcc/:/home/maria/miniconda3/envs/cmake-tutorial/bin/../lib/gcc/x86_64-conda-linux-gnu/10.4.0/../../../../x86_64-conda-linux-gnu/lib/../lib/:/home/maria/miniconda3/envs/cmake-tutorial/bin/../lib/gcc/x86_64-conda-linux-gnu/10.4.0/../../../../lib/:/home/maria/miniconda3/envs/cmake-tutorial/bin/../x86_64-conda-linux-gnu/sysroot/lib/../lib/:/home/maria/miniconda3/envs/cmake-tutorial/bin/../x86_64-conda-linux-gnu/sysroot/usr/lib/../lib/:/home/maria/miniconda3/envs/cmake-tutorial/bin/../lib/gcc/x86_64-conda-linux-gnu/10.4.0/../../../../x86_64-conda-linux-gnu/lib/:/home/maria/miniconda3/envs/cmake-tutorial/bin/../lib/gcc/x86_64-conda-linux-gnu/10.4.0/../../../:/home/maria/miniconda3/envs/cmake-tutorial/bin/../x86_64-conda-linux-gnu/sysroot/lib/:/home/maria/miniconda3/envs/cmake-tutorial/bin/../x86_64-conda-linux-gnu/sysroot/usr/lib/
COLLECT_GCC_OPTIONS='-fvisibility-inlines-hidden' '-std=c++17' '-fmessage-length=0' '-march=nocona' '-mtune=haswell' '-ftree-vectorize' '-fPIC' '-fstack-protector-strong' '-fno-plt' '-O2' '-ffunction-sections' '-pipe' '-isystem' '/home/maria/miniconda3/envs/cmake-tutorial/include' '-v' '-o' 'CMakeFiles/cmTC_14cdd.dir/CMakeCXXCompilerABI.cpp.o' '-c' '-shared-libgcc'
Linking CXX executable cmTC_14cdd
/home/maria/miniconda3/envs/cmake-tutorial/bin/cmake -E cmake_link_script CMakeFiles/cmTC_14cdd.dir/link.txt --verbose=1
/home/maria/miniconda3/envs/cmake-tutorial/bin/x86_64-conda-linux-gnu-c++ -fvisibility-inlines-hidden -std=c++17 -fmessage-length=0 -march=nocona -mtune=haswell -ftree-vectorize -fPIC -fstack-protector-strong -fno-plt -O2 -ffunction-sections -pipe -isystem /home/maria/miniconda3/envs/cmake-tutorial/include  -Wl,-O2 -Wl,--sort-common -Wl,--as-needed -Wl,-z,relro -Wl,-z,now -Wl,--disable-new-dtags -Wl,--gc-sections -Wl,--allow-shlib-undefined -Wl,-rpath,/home/maria/miniconda3/envs/cmake-tutorial/lib -Wl,-rpath-link,/home/maria/miniconda3/envs/cmake-tutorial/lib -L/home/maria/miniconda3/envs/cmake-tutorial/lib -v CMakeFiles/cmTC_14cdd.dir/CMakeCXXCompilerABI.cpp.o -o cmTC_14cdd 
Reading specs from /home/maria/miniconda3/envs/cmake-tutorial/bin/../lib/gcc/x86_64-conda-linux-gnu/10.4.0/specs
could not find specs file conda.specs
COLLECT_GCC=/home/maria/miniconda3/envs/cmake-tutorial/bin/x86_64-conda-linux-gnu-c++
COLLECT_LTO_WRAPPER=/home/maria/miniconda3/envs/cmake-tutorial/bin/../libexec/gcc/x86_64-conda-linux-gnu/10.4.0/lto-wrapper
Target: x86_64-conda-linux-gnu
Configured with: ../configure --prefix=/home/conda/feedstock_root/build_artifacts/gcc_compilers_1666516817544/_h_env_placehold_placehold_placehold_placehold_placehold_placehold_placehold_placehold_placehold_placehold_placehold_placehold_placehold_placehold_placehold_placehold_placehold_placeho --with-slibdir=/home/conda/feedstock_root/build_artifacts/gcc_compilers_1666516817544/_h_env_placehold_placehold_placehold_placehold_placehold_placehold_placehold_placehold_placehold_placehold_placehold_placehold_placehold_placehold_placehold_placehold_placehold_placeho/lib --libdir=/home/conda/feedstock_root/build_artifacts/gcc_compilers_1666516817544/_h_env_placehold_placehold_placehold_placehold_placehold_placehold_placehold_placehold_placehold_placehold_placehold_placehold_placehold_placehold_placehold_placehold_placehold_placeho/lib --mandir=/home/conda/feedstock_root/build_artifacts/gcc_compilers_1666516817544/_h_env_placehold_placehold_placehold_placehold_placehold_placehold_placehold_placehold_placehold_placehold_placehold_placehold_placehold_placehold_placehold_placehold_placehold_placeho/man --build=x86_64-conda-linux-gnu --host=x86_64-conda-linux-gnu --target=x86_64-conda-linux-gnu --enable-default-pie --enable-languages=c,c++,fortran,objc,obj-c++ --enable-__cxa_atexit --disable-libmudflap --enable-libgomp --disable-libssp --enable-libquadmath --enable-libquadmath-support --enable-libsanitizer --enable-lto --enable-threads=posix --enable-target-optspace --enable-plugin --enable-gold --disable-nls --disable-bootstrap --disable-multilib --enable-long-long --with-sysroot=/home/conda/feedstock_root/build_artifacts/gcc_compilers_1666516817544/_h_env_placehold_placehold_placehold_placehold_placehold_placehold_placehold_placehold_placehold_placehold_placehold_placehold_placehold_placehold_placehold_placehold_placehold_placeho/x86_64-conda-linux-gnu/sysroot --with-build-sysroot=/home/conda/feedstock_root/build_artifacts/gcc_compilers_1666516817544/_build_env/x86_64-conda-linux-gnu/sysroot --with-gxx-include-dir=/home/conda/feedstock_root/build_artifacts/gcc_compilers_1666516817544/_h_env_placehold_placehold_placehold_placehold_placehold_placehold_placehold_placehold_placehold_placehold_placehold_placehold_placehold_placehold_placehold_placehold_placehold_placeho/x86_64-conda-linux-gnu/include/c++/10.4.0 --with-pkgversion='conda-forge gcc 10.4.0-19' --with-bugurl=https://github.com/conda-forge/ctng-compilers-feedstock/issues/new/choose
Thread model: posix
Supported LTO compression algorithms: zlib
gcc version 10.4.0 (conda-forge gcc 10.4.0-19) 
COMPILER_PATH=/home/maria/miniconda3/envs/cmake-tutorial/bin/../libexec/gcc/x86_64-conda-linux-gnu/10.4.0/:/home/maria/miniconda3/envs/cmake-tutorial/bin/../libexec/gcc/:/home/maria/miniconda3/envs/cmake-tutorial/bin/../lib/gcc/x86_64-conda-linux-gnu/10.4.0/../../../../x86_64-conda-linux-gnu/bin/
LIBRARY_PATH=/home/maria/miniconda3/envs/cmake-tutorial/bin/../lib/gcc/x86_64-conda-linux-gnu/10.4.0/:/home/maria/miniconda3/envs/cmake-tutorial/bin/../lib/gcc/:/home/maria/miniconda3/envs/cmake-tutorial/bin/../lib/gcc/x86_64-conda-linux-gnu/10.4.0/../../../../x86_64-conda-linux-gnu/lib/../lib/:/home/maria/miniconda3/envs/cmake-tutorial/bin/../lib/gcc/x86_64-conda-linux-gnu/10.4.0/../../../../lib/:/home/maria/miniconda3/envs/cmake-tutorial/bin/../x86_64-conda-linux-gnu/sysroot/lib/../lib/:/home/maria/miniconda3/envs/cmake-tutorial/bin/../x86_64-conda-linux-gnu/sysroot/usr/lib/../lib/:/home/maria/miniconda3/envs/cmake-tutorial/bin/../lib/gcc/x86_64-conda-linux-gnu/10.4.0/../../../../x86_64-conda-linux-gnu/lib/:/home/maria/miniconda3/envs/cmake-tutorial/bin/../lib/gcc/x86_64-conda-linux-gnu/10.4.0/../../../:/home/maria/miniconda3/envs/cmake-tutorial/bin/../x86_64-conda-linux-gnu/sysroot/lib/:/home/maria/miniconda3/envs/cmake-tutorial/bin/../x86_64-conda-linux-gnu/sysroot/usr/lib/
COLLECT_GCC_OPTIONS='-fvisibility-inlines-hidden' '-std=c++17' '-fmessage-length=0' '-march=nocona' '-mtune=haswell' '-ftree-vectorize' '-fPIC' '-fstack-protector-strong' '-fno-plt' '-O2' '-ffunction-sections' '-pipe' '-isystem' '/home/maria/miniconda3/envs/cmake-tutorial/include' '-L/home/maria/miniconda3/envs/cmake-tutorial/lib' '-v' '-o' 'cmTC_14cdd' '-shared-libgcc'
 /home/maria/miniconda3/envs/cmake-tutorial/bin/../libexec/gcc/x86_64-conda-linux-gnu/10.4.0/collect2 -plugin /home/maria/miniconda3/envs/cmake-tutorial/bin/../libexec/gcc/x86_64-conda-linux-gnu/10.4.0/liblto_plugin.so -plugin-opt=/home/maria/miniconda3/envs/cmake-tutorial/bin/../libexec/gcc/x86_64-conda-linux-gnu/10.4.0/lto-wrapper -plugin-opt=-fresolution=/tmp/ccf5076a.res -plugin-opt=-pass-through=-lgcc_s -plugin-opt=-pass-through=-lgcc -plugin-opt=-pass-through=-lc -plugin-opt=-pass-through=-lgcc_s -plugin-opt=-pass-through=-lgcc --sysroot=/home/maria/miniconda3/envs/cmake-tutorial/bin/../x86_64-conda-linux-gnu/sysroot --eh-frame-hdr -m elf_x86_64 -dynamic-linker /lib64/ld-linux-x86-64.so.2 -pie -o cmTC_14cdd /home/maria/miniconda3/envs/cmake-tutorial/bin/../x86_64-conda-linux-gnu/sysroot/usr/lib/../lib/Scrt1.o /home/maria/miniconda3/envs/cmake-tutorial/bin/../x86_64-conda-linux-gnu/sysroot/usr/lib/../lib/crti.o /home/maria/miniconda3/envs/cmake-tutorial/bin/../lib/gcc/x86_64-conda-linux-gnu/10.4.0/crtbeginS.o -L/home/maria/miniconda3/envs/cmake-tutorial/lib -L/home/maria/miniconda3/envs/cmake-tutorial/bin/../lib/gcc/x86_64-conda-linux-gnu/10.4.0 -L/home/maria/miniconda3/envs/cmake-tutorial/bin/../lib/gcc -L/home/maria/miniconda3/envs/cmake-tutorial/bin/../lib/gcc/x86_64-conda-linux-gnu/10.4.0/../../../../x86_64-conda-linux-gnu/lib/../lib -L/home/maria/miniconda3/envs/cmake-tutorial/bin/../lib/gcc/x86_64-conda-linux-gnu/10.4.0/../../../../lib -L/home/maria/miniconda3/envs/cmake-tutorial/bin/../x86_64-conda-linux-gnu/sysroot/lib/../lib -L/home/maria/miniconda3/envs/cmake-tutorial/bin/../x86_64-conda-linux-gnu/sysroot/usr/lib/../lib -L/home/maria/miniconda3/envs/cmake-tutorial/bin/../lib/gcc/x86_64-conda-linux-gnu/10.4.0/../../../../x86_64-conda-linux-gnu/lib -L/home/maria/miniconda3/envs/cmake-tutorial/bin/../lib/gcc/x86_64-conda-linux-gnu/10.4.0/../../.. -L/home/maria/miniconda3/envs/cmake-tutorial/bin/../x86_64-conda-linux-gnu/sysroot/lib -L/home/maria/miniconda3/envs/cmake-tutorial/bin/../x86_64-conda-linux-gnu/sysroot/usr/lib -O2 --sort-common --as-needed -z relro -z now --disable-new-dtags --gc-sections --allow-shlib-undefined -rpath /home/maria/miniconda3/envs/cmake-tutorial/lib -rpath-link /home/maria/miniconda3/envs/cmake-tutorial/lib CMakeFiles/cmTC_14cdd.dir/CMakeCXXCompilerABI.cpp.o -lstdc++ -lm -lgcc_s -lgcc -lc -lgcc_s -lgcc /home/maria/miniconda3/envs/cmake-tutorial/bin/../lib/gcc/x86_64-conda-linux-gnu/10.4.0/crtendS.o /home/maria/miniconda3/envs/cmake-tutorial/bin/../x86_64-conda-linux-gnu/sysroot/usr/lib/../lib/crtn.o -rpath /home/maria/miniconda3/envs/cmake-tutorial/lib
COLLECT_GCC_OPTIONS='-fvisibility-inlines-hidden' '-std=c++17' '-fmessage-length=0' '-march=nocona' '-mtune=haswell' '-ftree-vectorize' '-fPIC' '-fstack-protector-strong' '-fno-plt' '-O2' '-ffunction-sections' '-pipe' '-isystem' '/home/maria/miniconda3/envs/cmake-tutorial/include' '-L/home/maria/miniconda3/envs/cmake-tutorial/lib' '-v' '-o' 'cmTC_14cdd' '-shared-libgcc'
gmake[1]: Leaving directory '/mnt/c/Users/maria/OneDrive/Área de Trabalho/IC/MOVRPDD-MariaLuisa/build/CMakeFiles/CMakeScratch/TryCompile-ALDWXC'



Parsed CXX implicit include dir info from above output: rv=done
  found start of include info
  found start of implicit include info
    add: [/home/maria/miniconda3/envs/cmake-tutorial/include]
    add: [/home/maria/miniconda3/envs/cmake-tutorial/bin/../lib/gcc/x86_64-conda-linux-gnu/10.4.0/include]
    add: [/home/maria/miniconda3/envs/cmake-tutorial/bin/../lib/gcc/x86_64-conda-linux-gnu/10.4.0/include-fixed]
    add: [/home/maria/miniconda3/envs/cmake-tutorial/bin/../lib/gcc/x86_64-conda-linux-gnu/10.4.0/../../../../x86_64-conda-linux-gnu/include]
    add: [/home/maria/miniconda3/envs/cmake-tutorial/bin/../lib/gcc/../../x86_64-conda-linux-gnu/include/c++/10.4.0]
    add: [/home/maria/miniconda3/envs/cmake-tutorial/bin/../lib/gcc/../../x86_64-conda-linux-gnu/include/c++/10.4.0/x86_64-conda-linux-gnu]
    add: [/home/maria/miniconda3/envs/cmake-tutorial/bin/../lib/gcc/../../x86_64-conda-linux-gnu/include/c++/10.4.0/backward]
    add: [/home/maria/miniconda3/envs/cmake-tutorial/bin/../x86_64-conda-linux-gnu/sysroot/usr/include]
  end of search list found
  collapse include dir [/home/maria/miniconda3/envs/cmake-tutorial/include] ==> [/home/maria/miniconda3/envs/cmake-tutorial/include]
  collapse include dir [/home/maria/miniconda3/envs/cmake-tutorial/bin/../lib/gcc/x86_64-conda-linux-gnu/10.4.0/include] ==> [/home/maria/miniconda3/envs/cmake-tutorial/lib/gcc/x86_64-conda-linux-gnu/10.4.0/include]
  collapse include dir [/home/maria/miniconda3/envs/cmake-tutorial/bin/../lib/gcc/x86_64-conda-linux-gnu/10.4.0/include-fixed] ==> [/home/maria/miniconda3/envs/cmake-tutorial/lib/gcc/x86_64-conda-linux-gnu/10.4.0/include-fixed]
  collapse include dir [/home/maria/miniconda3/envs/cmake-tutorial/bin/../lib/gcc/x86_64-conda-linux-gnu/10.4.0/../../../../x86_64-conda-linux-gnu/include] ==> [/home/maria/miniconda3/envs/cmake-tutorial/x86_64-conda-linux-gnu/include]
  collapse include dir [/home/maria/miniconda3/envs/cmake-tutorial/bin/../lib/gcc/../../x86_64-conda-linux-gnu/include/c++/10.4.0] ==> [/home/maria/miniconda3/envs/cmake-tutorial/x86_64-conda-linux-gnu/include/c++/10.4.0]
  collapse include dir [/home/maria/miniconda3/envs/cmake-tutorial/bin/../lib/gcc/../../x86_64-conda-linux-gnu/include/c++/10.4.0/x86_64-conda-linux-gnu] ==> [/home/maria/miniconda3/envs/cmake-tutorial/x86_64-conda-linux-gnu/include/c++/10.4.0/x86_64-conda-linux-gnu]
  collapse include dir [/home/maria/miniconda3/envs/cmake-tutorial/bin/../lib/gcc/../../x86_64-conda-linux-gnu/include/c++/10.4.0/backward] ==> [/home/maria/miniconda3/envs/cmake-tutorial/x86_64-conda-linux-gnu/include/c++/10.4.0/backward]
  collapse include dir [/home/maria/miniconda3/envs/cmake-tutorial/bin/../x86_64-conda-linux-gnu/sysroot/usr/include] ==> [/home/maria/miniconda3/envs/cmake-tutorial/x86_64-conda-linux-gnu/sysroot/usr/include]
  implicit include dirs: [/home/maria/miniconda3/envs/cmake-tutorial/include;/home/maria/miniconda3/envs/cmake-tutorial/lib/gcc/x86_64-conda-linux-gnu/10.4.0/include;/home/maria/miniconda3/envs/cmake-tutorial/lib/gcc/x86_64-conda-linux-gnu/10.4.0/include-fixed;/home/maria/miniconda3/envs/cmake-tutorial/x86_64-conda-linux-gnu/include;/home/maria/miniconda3/envs/cmake-tutorial/x86_64-conda-linux-gnu/include/c++/10.4.0;/home/maria/miniconda3/envs/cmake-tutorial/x86_64-conda-linux-gnu/include/c++/10.4.0/x86_64-conda-linux-gnu;/home/maria/miniconda3/envs/cmake-tutorial/x86_64-conda-linux-gnu/include/c++/10.4.0/backward;/home/maria/miniconda3/envs/cmake-tutorial/x86_64-conda-linux-gnu/sysroot/usr/include]


Parsed CXX implicit link information from above output:
  link line regex: [^( *|.*[/\])(x86_64-conda-linux-gnu-ld|CMAKE_LINK_STARTFILE-NOTFOUND|([^/\]+-)?ld|collect2)[^/\]*( |$)]
  ignore line: [Change Dir: /mnt/c/Users/maria/OneDrive/Área de Trabalho/IC/MOVRPDD-MariaLuisa/build/CMakeFiles/CMakeScratch/TryCompile-ALDWXC]
  ignore line: []
  ignore line: [Run Build Command(s):/usr/bin/gmake -f Makefile cmTC_14cdd/fast && /usr/bin/gmake  -f CMakeFiles/cmTC_14cdd.dir/build.make CMakeFiles/cmTC_14cdd.dir/build]
  ignore line: [gmake[1]: Entering directory '/mnt/c/Users/maria/OneDrive/Área de Trabalho/IC/MOVRPDD-MariaLuisa/build/CMakeFiles/CMakeScratch/TryCompile-ALDWXC']
  ignore line: [Building CXX object CMakeFiles/cmTC_14cdd.dir/CMakeCXXCompilerABI.cpp.o]
  ignore line: [/home/maria/miniconda3/envs/cmake-tutorial/bin/x86_64-conda-linux-gnu-c++   -fvisibility-inlines-hidden -std=c++17 -fmessage-length=0 -march=nocona -mtune=haswell -ftree-vectorize -fPIC -fstack-protector-strong -fno-plt -O2 -ffunction-sections -pipe -isystem /home/maria/miniconda3/envs/cmake-tutorial/include    -v -o CMakeFiles/cmTC_14cdd.dir/CMakeCXXCompilerABI.cpp.o -c /home/maria/miniconda3/envs/cmake-tutorial/share/cmake-3.25/Modules/CMakeCXXCompilerABI.cpp]
  ignore line: [Reading specs from /home/maria/miniconda3/envs/cmake-tutorial/bin/../lib/gcc/x86_64-conda-linux-gnu/10.4.0/specs]
  ignore line: [could not find specs file conda.specs]
  ignore line: [COLLECT_GCC=/home/maria/miniconda3/envs/cmake-tutorial/bin/x86_64-conda-linux-gnu-c++]
  ignore line: [Target: x86_64-conda-linux-gnu]
  ignore line: [Configured with: ../configure --prefix=/home/conda/feedstock_root/build_artifacts/gcc_compilers_1666516817544/_h_env_placehold_placehold_placehold_placehold_placehold_placehold_placehold_placehold_placehold_placehold_placehold_placehold_placehold_placehold_placehold_placehold_placehold_placeho --with-slibdir=/home/conda/feedstock_root/build_artifacts/gcc_compilers_1666516817544/_h_env_placehold_placehold_placehold_placehold_placehold_placehold_placehold_placehold_placehold_placehold_placehold_placehold_placehold_placehold_placehold_placehold_placehold_placeho/lib --libdir=/home/conda/feedstock_root/build_artifacts/gcc_compilers_1666516817544/_h_env_placehold_placehold_placehold_placehold_placehold_placehold_placehold_placehold_placehold_placehold_placehold_placehold_placehold_placehold_placehold_placehold_placehold_placeho/lib --mandir=/home/conda/feedstock_root/build_artifacts/gcc_compilers_1666516817544/_h_env_placehold_placehold_placehold_placehold_placehold_placehold_placehold_placehold_placehold_placehold_placehold_placehold_placehold_placehold_placehold_placehold_placehold_placeho/man --build=x86_64-conda-linux-gnu --host=x86_64-conda-linux-gnu --target=x86_64-conda-linux-gnu --enable-default-pie --enable-languages=c c++ fortran objc obj-c++ --enable-__cxa_atexit --disable-libmudflap --enable-libgomp --disable-libssp --enable-libquadmath --enable-libquadmath-support --enable-libsanitizer --enable-lto --enable-threads=posix --enable-target-optspace --enable-plugin --enable-gold --disable-nls --disable-bootstrap --disable-multilib --enable-long-long --with-sysroot=/home/conda/feedstock_root/build_artifacts/gcc_compilers_1666516817544/_h_env_placehold_placehold_placehold_placehold_placehold_placehold_placehold_placehold_placehold_placehold_placehold_placehold_placehold_placehold_placehold_placehold_placehold_placeho/x86_64-conda-linux-gnu/sysroot --with-build-sysroot=/home/conda/feedstock_root/build_artifacts/gcc_compilers_1666516817544/_build_env/x86_64-conda-linux-gnu/sysroot --with-gxx-include-dir=/home/conda/feedstock_root/build_artifacts/gcc_compilers_1666516817544/_h_env_placehold_placehold_placehold_placehold_placehold_placehold_placehold_placehold_placehold_placehold_placehold_placehold_placehold_placehold_placehold_placehold_placehold_placeho/x86_64-conda-linux-gnu/include/c++/10.4.0 --with-pkgversion='conda-forge gcc 10.4.0-19' --with-bugurl=https://github.com/conda-forge/ctng-compilers-feedstock/issues/new/choose]
  ignore line: [Thread model: posix]
  ignore line: [Supported LTO compression algorithms: zlib]
  ignore line: [gcc version 10.4.0 (conda-forge gcc 10.4.0-19) ]
  ignore line: [COLLECT_GCC_OPTIONS='-fvisibility-inlines-hidden' '-std=c++17' '-fmessage-length=0' '-march=nocona' '-mtune=haswell' '-ftree-vectorize' '-fPIC' '-fstack-protector-strong' '-fno-plt' '-O2' '-ffunction-sections' '-pipe' '-isystem' '/home/maria/miniconda3/envs/cmake-tutorial/include' '-v' '-o' 'CMakeFiles/cmTC_14cdd.dir/CMakeCXXCompilerABI.cpp.o' '-c' '-shared-libgcc']
  ignore line: [ /home/maria/miniconda3/envs/cmake-tutorial/bin/../libexec/gcc/x86_64-conda-linux-gnu/10.4.0/cc1plus -quiet -v -iprefix /home/maria/miniconda3/envs/cmake-tutorial/bin/../lib/gcc/x86_64-conda-linux-gnu/10.4.0/ -isysroot /home/maria/miniconda3/envs/cmake-tutorial/bin/../x86_64-conda-linux-gnu/sysroot -D_GNU_SOURCE -isystem /home/maria/miniconda3/envs/cmake-tutorial/include /home/maria/miniconda3/envs/cmake-tutorial/share/cmake-3.25/Modules/CMakeCXXCompilerABI.cpp -quiet -dumpbase CMakeCXXCompilerABI.cpp -march=nocona -mtune=haswell -auxbase-strip CMakeFiles/cmTC_14cdd.dir/CMakeCXXCompilerABI.cpp.o -O2 -std=c++17 -version -fvisibility-inlines-hidden -fmessage-length=0 -ftree-vectorize -fPIC -fstack-protector-strong -fno-plt -ffunction-sections -o - |]
  ignore line: [ /home/maria/miniconda3/envs/cmake-tutorial/bin/../lib/gcc/x86_64-conda-linux-gnu/10.4.0/../../../../x86_64-conda-linux-gnu/bin/as -v --64 -o CMakeFiles/cmTC_14cdd.dir/CMakeCXXCompilerABI.cpp.o]
  ignore line: [GNU assembler version 2.39 (x86_64-conda-linux-gnu) using BFD version (GNU Binutils) 2.39]
  ignore line: [GNU C++17 (conda-forge gcc 10.4.0-19) version 10.4.0 (x86_64-conda-linux-gnu)]
  ignore line: [	compiled by GNU C version 10.4.0  GMP version 6.1.0  MPFR version 3.1.6  MPC version 1.0.3  isl version isl-0.18-GMP]
  ignore line: []
  ignore line: [GGC heuristics: --param ggc-min-expand=100 --param ggc-min-heapsize=131072]
  ignore line: [ignoring duplicate directory "/home/maria/miniconda3/envs/cmake-tutorial/bin/../lib/gcc/../../lib/gcc/x86_64-conda-linux-gnu/10.4.0/include"]
  ignore line: [ignoring nonexistent directory "/home/maria/miniconda3/envs/cmake-tutorial/bin/../x86_64-conda-linux-gnu/sysroot/usr/local/include"]
  ignore line: [ignoring duplicate directory "/home/maria/miniconda3/envs/cmake-tutorial/bin/../lib/gcc/../../lib/gcc/x86_64-conda-linux-gnu/10.4.0/include-fixed"]
  ignore line: [ignoring duplicate directory "/home/maria/miniconda3/envs/cmake-tutorial/bin/../lib/gcc/../../lib/gcc/x86_64-conda-linux-gnu/10.4.0/../../../../x86_64-conda-linux-gnu/include"]
  ignore line: [#include "..." search starts here:]
  ignore line: [#include <...> search starts here:]
  ignore line: [ /home/maria/miniconda3/envs/cmake-tutorial/include]
  ignore line: [ /home/maria/miniconda3/envs/cmake-tutorial/bin/../lib/gcc/x86_64-conda-linux-gnu/10.4.0/include]
  ignore line: [ /home/maria/miniconda3/envs/cmake-tutorial/bin/../lib/gcc/x86_64-conda-linux-gnu/10.4.0/include-fixed]
  ignore line: [ /home/maria/miniconda3/envs/cmake-tutorial/bin/../lib/gcc/x86_64-conda-linux-gnu/10.4.0/../../../../x86_64-conda-linux-gnu/include]
  ignore line: [ /home/maria/miniconda3/envs/cmake-tutorial/bin/../lib/gcc/../../x86_64-conda-linux-gnu/include/c++/10.4.0]
  ignore line: [ /home/maria/miniconda3/envs/cmake-tutorial/bin/../lib/gcc/../../x86_64-conda-linux-gnu/include/c++/10.4.0/x86_64-conda-linux-gnu]
  ignore line: [ /home/maria/miniconda3/envs/cmake-tutorial/bin/../lib/gcc/../../x86_64-conda-linux-gnu/include/c++/10.4.0/backward]
  ignore line: [ /home/maria/miniconda3/envs/cmake-tutorial/bin/../x86_64-conda-linux-gnu/sysroot/usr/include]
  ignore line: [End of search list.]
  ignore line: [GNU C++17 (conda-forge gcc 10.4.0-19) version 10.4.0 (x86_64-conda-linux-gnu)]
  ignore line: [	compiled by GNU C version 10.4.0  GMP version 6.1.0  MPFR version 3.1.6  MPC version 1.0.3  isl version isl-0.18-GMP]
  ignore line: []
  ignore line: [GGC heuristics: --param ggc-min-expand=100 --param ggc-min-heapsize=131072]
  ignore line: [Compiler executable checksum: 0fca5b8e4fb11ad6149b2d89dd596e0c]
  ignore line: [COMPILER_PATH=/home/maria/miniconda3/envs/cmake-tutorial/bin/../libexec/gcc/x86_64-conda-linux-gnu/10.4.0/:/home/maria/miniconda3/envs/cmake-tutorial/bin/../libexec/gcc/:/home/maria/miniconda3/envs/cmake-tutorial/bin/../lib/gcc/x86_64-conda-linux-gnu/10.4.0/../../../../x86_64-conda-linux-gnu/bin/]
  ignore line: [LIBRARY_PATH=/home/maria/miniconda3/envs/cmake-tutorial/bin/../lib/gcc/x86_64-conda-linux-gnu/10.4.0/:/home/maria/miniconda3/envs/cmake-tutorial/bin/../lib/gcc/:/home/maria/miniconda3/envs/cmake-tutorial/bin/../lib/gcc/x86_64-conda-linux-gnu/10.4.0/../../../../x86_64-conda-linux-gnu/lib/../lib/:/home/maria/miniconda3/envs/cmake-tutorial/bin/../lib/gcc/x86_64-conda-linux-gnu/10.4.0/../../../../lib/:/home/maria/miniconda3/envs/cmake-tutorial/bin/../x86_64-conda-linux-gnu/sysroot/lib/../lib/:/home/maria/miniconda3/envs/cmake-tutorial/bin/../x86_64-conda-linux-gnu/sysroot/usr/lib/../lib/:/home/maria/miniconda3/envs/cmake-tutorial/bin/../lib/gcc/x86_64-conda-linux-gnu/10.4.0/../../../../x86_64-conda-linux-gnu/lib/:/home/maria/miniconda3/envs/cmake-tutorial/bin/../lib/gcc/x86_64-conda-linux-gnu/10.4.0/../../../:/home/maria/miniconda3/envs/cmake-tutorial/bin/../x86_64-conda-linux-gnu/sysroot/lib/:/home/maria/miniconda3/envs/cmake-tutorial/bin/../x86_64-conda-linux-gnu/sysroot/usr/lib/]
  ignore line: [COLLECT_GCC_OPTIONS='-fvisibility-inlines-hidden' '-std=c++17' '-fmessage-length=0' '-march=nocona' '-mtune=haswell' '-ftree-vectorize' '-fPIC' '-fstack-protector-strong' '-fno-plt' '-O2' '-ffunction-sections' '-pipe' '-isystem' '/home/maria/miniconda3/envs/cmake-tutorial/include' '-v' '-o' 'CMakeFiles/cmTC_14cdd.dir/CMakeCXXCompilerABI.cpp.o' '-c' '-shared-libgcc']
  ignore line: [Linking CXX executable cmTC_14cdd]
  ignore line: [/home/maria/miniconda3/envs/cmake-tutorial/bin/cmake -E cmake_link_script CMakeFiles/cmTC_14cdd.dir/link.txt --verbose=1]
  ignore line: [/home/maria/miniconda3/envs/cmake-tutorial/bin/x86_64-conda-linux-gnu-c++ -fvisibility-inlines-hidden -std=c++17 -fmessage-length=0 -march=nocona -mtune=haswell -ftree-vectorize -fPIC -fstack-protector-strong -fno-plt -O2 -ffunction-sections -pipe -isystem /home/maria/miniconda3/envs/cmake-tutorial/include  -Wl -O2 -Wl --sort-common -Wl --as-needed -Wl -z relro -Wl -z now -Wl --disable-new-dtags -Wl --gc-sections -Wl --allow-shlib-undefined -Wl -rpath /home/maria/miniconda3/envs/cmake-tutorial/lib -Wl -rpath-link /home/maria/miniconda3/envs/cmake-tutorial/lib -L/home/maria/miniconda3/envs/cmake-tutorial/lib -v CMakeFiles/cmTC_14cdd.dir/CMakeCXXCompilerABI.cpp.o -o cmTC_14cdd ]
  ignore line: [Reading specs from /home/maria/miniconda3/envs/cmake-tutorial/bin/../lib/gcc/x86_64-conda-linux-gnu/10.4.0/specs]
  ignore line: [could not find specs file conda.specs]
  ignore line: [COLLECT_GCC=/home/maria/miniconda3/envs/cmake-tutorial/bin/x86_64-conda-linux-gnu-c++]
  ignore line: [COLLECT_LTO_WRAPPER=/home/maria/miniconda3/envs/cmake-tutorial/bin/../libexec/gcc/x86_64-conda-linux-gnu/10.4.0/lto-wrapper]
  ignore line: [Target: x86_64-conda-linux-gnu]
  ignore line: [Configured with: ../configure --prefix=/home/conda/feedstock_root/build_artifacts/gcc_compilers_1666516817544/_h_env_placehold_placehold_placehold_placehold_placehold_placehold_placehold_placehold_placehold_placehold_placehold_placehold_placehold_placehold_placehold_placehold_placehold_placeho --with-slibdir=/home/conda/feedstock_root/build_artifacts/gcc_compilers_1666516817544/_h_env_placehold_placehold_placehold_placehold_placehold_placehold_placehold_placehold_placehold_placehold_placehold_placehold_placehold_placehold_placehold_placehold_placehold_placeho/lib --libdir=/home/conda/feedstock_root/build_artifacts/gcc_compilers_1666516817544/_h_env_placehold_placehold_placehold_placehold_placehold_placehold_placehold_placehold_placehold_placehold_placehold_placehold_placehold_placehold_placehold_placehold_placehold_placeho/lib --mandir=/home/conda/feedstock_root/build_artifacts/gcc_compilers_1666516817544/_h_env_placehold_placehold_placehold_placehold_placehold_placehold_placehold_placehold_placehold_placehold_placehold_placehold_placehold_placehold_placehold_placehold_placehold_placeho/man --build=x86_64-conda-linux-gnu --host=x86_64-conda-linux-gnu --target=x86_64-conda-linux-gnu --enable-default-pie --enable-languages=c c++ fortran objc obj-c++ --enable-__cxa_atexit --disable-libmudflap --enable-libgomp --disable-libssp --enable-libquadmath --enable-libquadmath-support --enable-libsanitizer --enable-lto --enable-threads=posix --enable-target-optspace --enable-plugin --enable-gold --disable-nls --disable-bootstrap --disable-multilib --enable-long-long --with-sysroot=/home/conda/feedstock_root/build_artifacts/gcc_compilers_1666516817544/_h_env_placehold_placehold_placehold_placehold_placehold_placehold_placehold_placehold_placehold_placehold_placehold_placehold_placehold_placehold_placehold_placehold_placehold_placeho/x86_64-conda-linux-gnu/sysroot --with-build-sysroot=/home/conda/feedstock_root/build_artifacts/gcc_compilers_1666516817544/_build_env/x86_64-conda-linux-gnu/sysroot --with-gxx-include-dir=/home/conda/feedstock_root/build_artifacts/gcc_compilers_1666516817544/_h_env_placehold_placehold_placehold_placehold_placehold_placehold_placehold_placehold_placehold_placehold_placehold_placehold_placehold_placehold_placehold_placehold_placehold_placeho/x86_64-conda-linux-gnu/include/c++/10.4.0 --with-pkgversion='conda-forge gcc 10.4.0-19' --with-bugurl=https://github.com/conda-forge/ctng-compilers-feedstock/issues/new/choose]
  ignore line: [Thread model: posix]
  ignore line: [Supported LTO compression algorithms: zlib]
  ignore line: [gcc version 10.4.0 (conda-forge gcc 10.4.0-19) ]
  ignore line: [COMPILER_PATH=/home/maria/miniconda3/envs/cmake-tutorial/bin/../libexec/gcc/x86_64-conda-linux-gnu/10.4.0/:/home/maria/miniconda3/envs/cmake-tutorial/bin/../libexec/gcc/:/home/maria/miniconda3/envs/cmake-tutorial/bin/../lib/gcc/x86_64-conda-linux-gnu/10.4.0/../../../../x86_64-conda-linux-gnu/bin/]
  ignore line: [LIBRARY_PATH=/home/maria/miniconda3/envs/cmake-tutorial/bin/../lib/gcc/x86_64-conda-linux-gnu/10.4.0/:/home/maria/miniconda3/envs/cmake-tutorial/bin/../lib/gcc/:/home/maria/miniconda3/envs/cmake-tutorial/bin/../lib/gcc/x86_64-conda-linux-gnu/10.4.0/../../../../x86_64-conda-linux-gnu/lib/../lib/:/home/maria/miniconda3/envs/cmake-tutorial/bin/../lib/gcc/x86_64-conda-linux-gnu/10.4.0/../../../../lib/:/home/maria/miniconda3/envs/cmake-tutorial/bin/../x86_64-conda-linux-gnu/sysroot/lib/../lib/:/home/maria/miniconda3/envs/cmake-tutorial/bin/../x86_64-conda-linux-gnu/sysroot/usr/lib/../lib/:/home/maria/miniconda3/envs/cmake-tutorial/bin/../lib/gcc/x86_64-conda-linux-gnu/10.4.0/../../../../x86_64-conda-linux-gnu/lib/:/home/maria/miniconda3/envs/cmake-tutorial/bin/../lib/gcc/x86_64-conda-linux-gnu/10.4.0/../../../:/home/maria/miniconda3/envs/cmake-tutorial/bin/../x86_64-conda-linux-gnu/sysroot/lib/:/home/maria/miniconda3/envs/cmake-tutorial/bin/../x86_64-conda-linux-gnu/sysroot/usr/lib/]
  ignore line: [COLLECT_GCC_OPTIONS='-fvisibility-inlines-hidden' '-std=c++17' '-fmessage-length=0' '-march=nocona' '-mtune=haswell' '-ftree-vectorize' '-fPIC' '-fstack-protector-strong' '-fno-plt' '-O2' '-ffunction-sections' '-pipe' '-isystem' '/home/maria/miniconda3/envs/cmake-tutorial/include' '-L/home/maria/miniconda3/envs/cmake-tutorial/lib' '-v' '-o' 'cmTC_14cdd' '-shared-libgcc']
  link line: [ /home/maria/miniconda3/envs/cmake-tutorial/bin/../libexec/gcc/x86_64-conda-linux-gnu/10.4.0/collect2 -plugin /home/maria/miniconda3/envs/cmake-tutorial/bin/../libexec/gcc/x86_64-conda-linux-gnu/10.4.0/liblto_plugin.so -plugin-opt=/home/maria/miniconda3/envs/cmake-tutorial/bin/../libexec/gcc/x86_64-conda-linux-gnu/10.4.0/lto-wrapper -plugin-opt=-fresolution=/tmp/ccf5076a.res -plugin-opt=-pass-through=-lgcc_s -plugin-opt=-pass-through=-lgcc -plugin-opt=-pass-through=-lc -plugin-opt=-pass-through=-lgcc_s -plugin-opt=-pass-through=-lgcc --sysroot=/home/maria/miniconda3/envs/cmake-tutorial/bin/../x86_64-conda-linux-gnu/sysroot --eh-frame-hdr -m elf_x86_64 -dynamic-linker /lib64/ld-linux-x86-64.so.2 -pie -o cmTC_14cdd /home/maria/miniconda3/envs/cmake-tutorial/bin/../x86_64-conda-linux-gnu/sysroot/usr/lib/../lib/Scrt1.o /home/maria/miniconda3/envs/cmake-tutorial/bin/../x86_64-conda-linux-gnu/sysroot/usr/lib/../lib/crti.o /home/maria/miniconda3/envs/cmake-tutorial/bin/../lib/gcc/x86_64-conda-linux-gnu/10.4.0/crtbeginS.o -L/home/maria/miniconda3/envs/cmake-tutorial/lib -L/home/maria/miniconda3/envs/cmake-tutorial/bin/../lib/gcc/x86_64-conda-linux-gnu/10.4.0 -L/home/maria/miniconda3/envs/cmake-tutorial/bin/../lib/gcc -L/home/maria/miniconda3/envs/cmake-tutorial/bin/../lib/gcc/x86_64-conda-linux-gnu/10.4.0/../../../../x86_64-conda-linux-gnu/lib/../lib -L/home/maria/miniconda3/envs/cmake-tutorial/bin/../lib/gcc/x86_64-conda-linux-gnu/10.4.0/../../../../lib -L/home/maria/miniconda3/envs/cmake-tutorial/bin/../x86_64-conda-linux-gnu/sysroot/lib/../lib -L/home/maria/miniconda3/envs/cmake-tutorial/bin/../x86_64-conda-linux-gnu/sysroot/usr/lib/../lib -L/home/maria/miniconda3/envs/cmake-tutorial/bin/../lib/gcc/x86_64-conda-linux-gnu/10.4.0/../../../../x86_64-conda-linux-gnu/lib -L/home/maria/miniconda3/envs/cmake-tutorial/bin/../lib/gcc/x86_64-conda-linux-gnu/10.4.0/../../.. -L/home/maria/miniconda3/envs/cmake-tutorial/bin/../x86_64-conda-linux-gnu/sysroot/lib -L/home/maria/miniconda3/envs/cmake-tutorial/bin/../x86_64-conda-linux-gnu/sysroot/usr/lib -O2 --sort-common --as-needed -z relro -z now --disable-new-dtags --gc-sections --allow-shlib-undefined -rpath /home/maria/miniconda3/envs/cmake-tutorial/lib -rpath-link /home/maria/miniconda3/envs/cmake-tutorial/lib CMakeFiles/cmTC_14cdd.dir/CMakeCXXCompilerABI.cpp.o -lstdc++ -lm -lgcc_s -lgcc -lc -lgcc_s -lgcc /home/maria/miniconda3/envs/cmake-tutorial/bin/../lib/gcc/x86_64-conda-linux-gnu/10.4.0/crtendS.o /home/maria/miniconda3/envs/cmake-tutorial/bin/../x86_64-conda-linux-gnu/sysroot/usr/lib/../lib/crtn.o -rpath /home/maria/miniconda3/envs/cmake-tutorial/lib]
    arg [/home/maria/miniconda3/envs/cmake-tutorial/bin/../libexec/gcc/x86_64-conda-linux-gnu/10.4.0/collect2] ==> ignore
    arg [-plugin] ==> ignore
    arg [/home/maria/miniconda3/envs/cmake-tutorial/bin/../libexec/gcc/x86_64-conda-linux-gnu/10.4.0/liblto_plugin.so] ==> ignore
    arg [-plugin-opt=/home/maria/miniconda3/envs/cmake-tutorial/bin/../libexec/gcc/x86_64-conda-linux-gnu/10.4.0/lto-wrapper] ==> ignore
    arg [-plugin-opt=-fresolution=/tmp/ccf5076a.res] ==> ignore
    arg [-plugin-opt=-pass-through=-lgcc_s] ==> ignore
    arg [-plugin-opt=-pass-through=-lgcc] ==> ignore
    arg [-plugin-opt=-pass-through=-lc] ==> ignore
    arg [-plugin-opt=-pass-through=-lgcc_s] ==> ignore
    arg [-plugin-opt=-pass-through=-lgcc] ==> ignore
    arg [--sysroot=/home/maria/miniconda3/envs/cmake-tutorial/bin/../x86_64-conda-linux-gnu/sysroot] ==> ignore
    arg [--eh-frame-hdr] ==> ignore
    arg [-m] ==> ignore
    arg [elf_x86_64] ==> ignore
    arg [-dynamic-linker] ==> ignore
    arg [/lib64/ld-linux-x86-64.so.2] ==> ignore
    arg [-pie] ==> ignore
    arg [-o] ==> ignore
    arg [cmTC_14cdd] ==> ignore
    arg [/home/maria/miniconda3/envs/cmake-tutorial/bin/../x86_64-conda-linux-gnu/sysroot/usr/lib/../lib/Scrt1.o] ==> obj [/home/maria/miniconda3/envs/cmake-tutorial/bin/../x86_64-conda-linux-gnu/sysroot/usr/lib/../lib/Scrt1.o]
    arg [/home/maria/miniconda3/envs/cmake-tutorial/bin/../x86_64-conda-linux-gnu/sysroot/usr/lib/../lib/crti.o] ==> obj [/home/maria/miniconda3/envs/cmake-tutorial/bin/../x86_64-conda-linux-gnu/sysroot/usr/lib/../lib/crti.o]
    arg [/home/maria/miniconda3/envs/cmake-tutorial/bin/../lib/gcc/x86_64-conda-linux-gnu/10.4.0/crtbeginS.o] ==> obj [/home/maria/miniconda3/envs/cmake-tutorial/bin/../lib/gcc/x86_64-conda-linux-gnu/10.4.0/crtbeginS.o]
    arg [-L/home/maria/miniconda3/envs/cmake-tutorial/lib] ==> dir [/home/maria/miniconda3/envs/cmake-tutorial/lib]
    arg [-L/home/maria/miniconda3/envs/cmake-tutorial/bin/../lib/gcc/x86_64-conda-linux-gnu/10.4.0] ==> dir [/home/maria/miniconda3/envs/cmake-tutorial/bin/../lib/gcc/x86_64-conda-linux-gnu/10.4.0]
    arg [-L/home/maria/miniconda3/envs/cmake-tutorial/bin/../lib/gcc] ==> dir [/home/maria/miniconda3/envs/cmake-tutorial/bin/../lib/gcc]
    arg [-L/home/maria/miniconda3/envs/cmake-tutorial/bin/../lib/gcc/x86_64-conda-linux-gnu/10.4.0/../../../../x86_64-conda-linux-gnu/lib/../lib] ==> dir [/home/maria/miniconda3/envs/cmake-tutorial/bin/../lib/gcc/x86_64-conda-linux-gnu/10.4.0/../../../../x86_64-conda-linux-gnu/lib/../lib]
    arg [-L/home/maria/miniconda3/envs/cmake-tutorial/bin/../lib/gcc/x86_64-conda-linux-gnu/10.4.0/../../../../lib] ==> dir [/home/maria/miniconda3/envs/cmake-tutorial/bin/../lib/gcc/x86_64-conda-linux-gnu/10.4.0/../../../../lib]
    arg [-L/home/maria/miniconda3/envs/cmake-tutorial/bin/../x86_64-conda-linux-gnu/sysroot/lib/../lib] ==> dir [/home/maria/miniconda3/envs/cmake-tutorial/bin/../x86_64-conda-linux-gnu/sysroot/lib/../lib]
    arg [-L/home/maria/miniconda3/envs/cmake-tutorial/bin/../x86_64-conda-linux-gnu/sysroot/usr/lib/../lib] ==> dir [/home/maria/miniconda3/envs/cmake-tutorial/bin/../x86_64-conda-linux-gnu/sysroot/usr/lib/../lib]
    arg [-L/home/maria/miniconda3/envs/cmake-tutorial/bin/../lib/gcc/x86_64-conda-linux-gnu/10.4.0/../../../../x86_64-conda-linux-gnu/lib] ==> dir [/home/maria/miniconda3/envs/cmake-tutorial/bin/../lib/gcc/x86_64-conda-linux-gnu/10.4.0/../../../../x86_64-conda-linux-gnu/lib]
    arg [-L/home/maria/miniconda3/envs/cmake-tutorial/bin/../lib/gcc/x86_64-conda-linux-gnu/10.4.0/../../..] ==> dir [/home/maria/miniconda3/envs/cmake-tutorial/bin/../lib/gcc/x86_64-conda-linux-gnu/10.4.0/../../..]
    arg [-L/home/maria/miniconda3/envs/cmake-tutorial/bin/../x86_64-conda-linux-gnu/sysroot/lib] ==> dir [/home/maria/miniconda3/envs/cmake-tutorial/bin/../x86_64-conda-linux-gnu/sysroot/lib]
    arg [-L/home/maria/miniconda3/envs/cmake-tutorial/bin/../x86_64-conda-linux-gnu/sysroot/usr/lib] ==> dir [/home/maria/miniconda3/envs/cmake-tutorial/bin/../x86_64-conda-linux-gnu/sysroot/usr/lib]
    arg [-O2] ==> ignore
    arg [--sort-common] ==> ignore
    arg [--as-needed] ==> ignore
    arg [-zrelro] ==> ignore
    arg [-znow] ==> ignore
    arg [--disable-new-dtags] ==> ignore
    arg [--gc-sections] ==> ignore
    arg [--allow-shlib-undefined] ==> ignore
    arg [-rpath] ==> ignore
    arg [/home/maria/miniconda3/envs/cmake-tutorial/lib] ==> ignore
    arg [-rpath-link] ==> ignore
    arg [/home/maria/miniconda3/envs/cmake-tutorial/lib] ==> ignore
    arg [CMakeFiles/cmTC_14cdd.dir/CMakeCXXCompilerABI.cpp.o] ==> ignore
    arg [-lstdc++] ==> lib [stdc++]
    arg [-lm] ==> lib [m]
    arg [-lgcc_s] ==> lib [gcc_s]
    arg [-lgcc] ==> lib [gcc]
    arg [-lc] ==> lib [c]
    arg [-lgcc_s] ==> lib [gcc_s]
    arg [-lgcc] ==> lib [gcc]
    arg [/home/maria/miniconda3/envs/cmake-tutorial/bin/../lib/gcc/x86_64-conda-linux-gnu/10.4.0/crtendS.o] ==> obj [/home/maria/miniconda3/envs/cmake-tutorial/bin/../lib/gcc/x86_64-conda-linux-gnu/10.4.0/crtendS.o]
    arg [/home/maria/miniconda3/envs/cmake-tutorial/bin/../x86_64-conda-linux-gnu/sysroot/usr/lib/../lib/crtn.o] ==> obj [/home/maria/miniconda3/envs/cmake-tutorial/bin/../x86_64-conda-linux-gnu/sysroot/usr/lib/../lib/crtn.o]
    arg [-rpath] ==> ignore
    arg [/home/maria/miniconda3/envs/cmake-tutorial/lib] ==> ignore
  collapse obj [/home/maria/miniconda3/envs/cmake-tutorial/bin/../x86_64-conda-linux-gnu/sysroot/usr/lib/../lib/Scrt1.o] ==> [/home/maria/miniconda3/envs/cmake-tutorial/x86_64-conda-linux-gnu/sysroot/usr/lib/Scrt1.o]
  collapse obj [/home/maria/miniconda3/envs/cmake-tutorial/bin/../x86_64-conda-linux-gnu/sysroot/usr/lib/../lib/crti.o] ==> [/home/maria/miniconda3/envs/cmake-tutorial/x86_64-conda-linux-gnu/sysroot/usr/lib/crti.o]
  collapse obj [/home/maria/miniconda3/envs/cmake-tutorial/bin/../lib/gcc/x86_64-conda-linux-gnu/10.4.0/crtbeginS.o] ==> [/home/maria/miniconda3/envs/cmake-tutorial/lib/gcc/x86_64-conda-linux-gnu/10.4.0/crtbeginS.o]
  collapse obj [/home/maria/miniconda3/envs/cmake-tutorial/bin/../lib/gcc/x86_64-conda-linux-gnu/10.4.0/crtendS.o] ==> [/home/maria/miniconda3/envs/cmake-tutorial/lib/gcc/x86_64-conda-linux-gnu/10.4.0/crtendS.o]
  collapse obj [/home/maria/miniconda3/envs/cmake-tutorial/bin/../x86_64-conda-linux-gnu/sysroot/usr/lib/../lib/crtn.o] ==> [/home/maria/miniconda3/envs/cmake-tutorial/x86_64-conda-linux-gnu/sysroot/usr/lib/crtn.o]
  collapse library dir [/home/maria/miniconda3/envs/cmake-tutorial/lib] ==> [/home/maria/miniconda3/envs/cmake-tutorial/lib]
  collapse library dir [/home/maria/miniconda3/envs/cmake-tutorial/bin/../lib/gcc/x86_64-conda-linux-gnu/10.4.0] ==> [/home/maria/miniconda3/envs/cmake-tutorial/lib/gcc/x86_64-conda-linux-gnu/10.4.0]
  collapse library dir [/home/maria/miniconda3/envs/cmake-tutorial/bin/../lib/gcc] ==> [/home/maria/miniconda3/envs/cmake-tutorial/lib/gcc]
  collapse library dir [/home/maria/miniconda3/envs/cmake-tutorial/bin/../lib/gcc/x86_64-conda-linux-gnu/10.4.0/../../../../x86_64-conda-linux-gnu/lib/../lib] ==> [/home/maria/miniconda3/envs/cmake-tutorial/x86_64-conda-linux-gnu/lib]
  collapse library dir [/home/maria/miniconda3/envs/cmake-tutorial/bin/../lib/gcc/x86_64-conda-linux-gnu/10.4.0/../../../../lib] ==> [/home/maria/miniconda3/envs/cmake-tutorial/lib]
  collapse library dir [/home/maria/miniconda3/envs/cmake-tutorial/bin/../x86_64-conda-linux-gnu/sysroot/lib/../lib] ==> [/home/maria/miniconda3/envs/cmake-tutorial/x86_64-conda-linux-gnu/sysroot/lib]
  collapse library dir [/home/maria/miniconda3/envs/cmake-tutorial/bin/../x86_64-conda-linux-gnu/sysroot/usr/lib/../lib] ==> [/home/maria/miniconda3/envs/cmake-tutorial/x86_64-conda-linux-gnu/sysroot/usr/lib]
  collapse library dir [/home/maria/miniconda3/envs/cmake-tutorial/bin/../lib/gcc/x86_64-conda-linux-gnu/10.4.0/../../../../x86_64-conda-linux-gnu/lib] ==> [/home/maria/miniconda3/envs/cmake-tutorial/x86_64-conda-linux-gnu/lib]
  collapse library dir [/home/maria/miniconda3/envs/cmake-tutorial/bin/../lib/gcc/x86_64-conda-linux-gnu/10.4.0/../../..] ==> [/home/maria/miniconda3/envs/cmake-tutorial/lib]
  collapse library dir [/home/maria/miniconda3/envs/cmake-tutorial/bin/../x86_64-conda-linux-gnu/sysroot/lib] ==> [/home/maria/miniconda3/envs/cmake-tutorial/x86_64-conda-linux-gnu/sysroot/lib]
  collapse library dir [/home/maria/miniconda3/envs/cmake-tutorial/bin/../x86_64-conda-linux-gnu/sysroot/usr/lib] ==> [/home/maria/miniconda3/envs/cmake-tutorial/x86_64-conda-linux-gnu/sysroot/usr/lib]
  implicit libs: [stdc++;m;gcc_s;gcc;c;gcc_s;gcc]
  implicit objs: [/home/maria/miniconda3/envs/cmake-tutorial/x86_64-conda-linux-gnu/sysroot/usr/lib/Scrt1.o;/home/maria/miniconda3/envs/cmake-tutorial/x86_64-conda-linux-gnu/sysroot/usr/lib/crti.o;/home/maria/miniconda3/envs/cmake-tutorial/lib/gcc/x86_64-conda-linux-gnu/10.4.0/crtbeginS.o;/home/maria/miniconda3/envs/cmake-tutorial/lib/gcc/x86_64-conda-linux-gnu/10.4.0/crtendS.o;/home/maria/miniconda3/envs/cmake-tutorial/x86_64-conda-linux-gnu/sysroot/usr/lib/crtn.o]
  implicit dirs: [/home/maria/miniconda3/envs/cmake-tutorial/lib;/home/maria/miniconda3/envs/cmake-tutorial/lib/gcc/x86_64-conda-linux-gnu/10.4.0;/home/maria/miniconda3/envs/cmake-tutorial/lib/gcc;/home/maria/miniconda3/envs/cmake-tutorial/x86_64-conda-linux-gnu/lib;/home/maria/miniconda3/envs/cmake-tutorial/x86_64-conda-linux-gnu/sysroot/lib;/home/maria/miniconda3/envs/cmake-tutorial/x86_64-conda-linux-gnu/sysroot/usr/lib]
  implicit fwks: []


